2022-02-17 23:01:57,572 - receiver - INFO - Received event report temperature request with a trace id of a985ddb5-9088-11ec-a7f8-dcf505d89e2c
2022-02-17 23:01:57,706 - receiver - INFO - Received event report temperature request with a trace id of a99a770c-9088-11ec-9cd8-dcf505d89e2c
2022-02-17 23:01:57,735 - receiver - INFO - Received event report temperature request with a trace id of a99ebca5-9088-11ec-8050-dcf505d89e2c
2022-02-17 23:01:57,911 - receiver - INFO - Received event report temperature request with a trace id of a9b9bee1-9088-11ec-8879-dcf505d89e2c
2022-02-17 23:01:58,074 - receiver - INFO - Received event report temperature request with a trace id of a9d29e07-9088-11ec-94e1-dcf505d89e2c
2022-02-17 23:01:58,280 - receiver - INFO - Received event report temperature request with a trace id of a9f20cdd-9088-11ec-abf8-dcf505d89e2c
2022-02-17 23:01:58,586 - receiver - INFO - Received event report temperature request with a trace id of aa20be03-9088-11ec-8a98-dcf505d89e2c
2022-02-17 23:01:58,775 - receiver - INFO - Received event report temperature request with a trace id of aa3d6dd1-9088-11ec-a556-dcf505d89e2c
2022-02-17 23:01:58,866 - receiver - INFO - Received event report temperature request with a trace id of aa4b7782-9088-11ec-9f0f-dcf505d89e2c
2022-02-17 23:01:59,067 - receiver - INFO - Received event report temperature request with a trace id of aa6a230f-9088-11ec-867d-dcf505d89e2c
2022-02-17 23:01:59,873 - receiver - INFO - Returned event report temperature response (Id: a985ddb5-9088-11ec-a7f8-dcf505d89e2c) with status 201
2022-02-17 23:01:59,878 - receiver - INFO - Received event report fan speed request with a trace id of aae5d7dc-9088-11ec-833c-dcf505d89e2c
2022-02-17 23:02:00,091 - receiver - INFO - Returned event report temperature response (Id: a9b9bee1-9088-11ec-8879-dcf505d89e2c) with status 201
2022-02-17 23:02:00,101 - receiver - INFO - Received event report fan speed request with a trace id of ab07ec3b-9088-11ec-bdf1-dcf505d89e2c
2022-02-17 23:02:00,240 - receiver - INFO - Returned event report temperature response (Id: a99ebca5-9088-11ec-8050-dcf505d89e2c) with status 201
2022-02-17 23:02:00,249 - receiver - INFO - Received event report fan speed request with a trace id of ab1e5adf-9088-11ec-8e61-dcf505d89e2c
2022-02-17 23:02:00,256 - receiver - INFO - Returned event report temperature response (Id: a99a770c-9088-11ec-9cd8-dcf505d89e2c) with status 201
2022-02-17 23:02:00,262 - receiver - INFO - Received event report fan speed request with a trace id of ab207d6b-9088-11ec-a628-dcf505d89e2c
2022-02-17 23:02:00,448 - receiver - INFO - Returned event report temperature response (Id: a9f20cdd-9088-11ec-abf8-dcf505d89e2c) with status 201
2022-02-17 23:02:00,458 - receiver - INFO - Received event report fan speed request with a trace id of ab3e6626-9088-11ec-be43-dcf505d89e2c
2022-02-17 23:02:00,575 - receiver - INFO - Returned event report temperature response (Id: a9d29e07-9088-11ec-94e1-dcf505d89e2c) with status 201
2022-02-17 23:02:00,577 - receiver - INFO - Received event report fan speed request with a trace id of ab508de7-9088-11ec-8271-dcf505d89e2c
2022-02-17 23:02:00,742 - receiver - INFO - Returned event report temperature response (Id: aa20be03-9088-11ec-8a98-dcf505d89e2c) with status 201
2022-02-17 23:02:00,745 - receiver - INFO - Received event report fan speed request with a trace id of ab6a31d3-9088-11ec-9cd9-dcf505d89e2c
2022-02-17 23:02:00,952 - receiver - INFO - Returned event report temperature response (Id: aa3d6dd1-9088-11ec-a556-dcf505d89e2c) with status 201
2022-02-17 23:02:00,955 - receiver - INFO - Received event report fan speed request with a trace id of ab8a2a6d-9088-11ec-b14d-dcf505d89e2c
2022-02-17 23:02:01,032 - receiver - INFO - Returned event report temperature response (Id: aa4b7782-9088-11ec-9f0f-dcf505d89e2c) with status 201
2022-02-17 23:02:01,036 - receiver - INFO - Received event report fan speed request with a trace id of ab9699c5-9088-11ec-bce1-dcf505d89e2c
2022-02-17 23:02:01,258 - receiver - INFO - Returned event report temperature response (Id: aa6a230f-9088-11ec-867d-dcf505d89e2c) with status 201
2022-02-17 23:02:01,261 - receiver - INFO - Received event report fan speed request with a trace id of abb8d41c-9088-11ec-a414-dcf505d89e2c
2022-02-17 23:02:02,061 - receiver - INFO - Returned event report fan speed response (Id: aae5d7dc-9088-11ec-833c-dcf505d89e2c) with status 201
2022-02-17 23:02:02,446 - receiver - INFO - Returned event report fan speed response (Id: ab207d6b-9088-11ec-a628-dcf505d89e2c) with status 201
2022-02-17 23:02:02,486 - receiver - INFO - Returned event report fan speed response (Id: ab07ec3b-9088-11ec-bdf1-dcf505d89e2c) with status 201
2022-02-17 23:02:02,520 - receiver - INFO - Returned event report fan speed response (Id: ab1e5adf-9088-11ec-8e61-dcf505d89e2c) with status 201
2022-02-17 23:02:02,641 - receiver - INFO - Returned event report fan speed response (Id: ab3e6626-9088-11ec-be43-dcf505d89e2c) with status 201
2022-02-17 23:02:02,745 - receiver - INFO - Returned event report fan speed response (Id: ab508de7-9088-11ec-8271-dcf505d89e2c) with status 201
2022-02-17 23:02:02,914 - receiver - INFO - Returned event report fan speed response (Id: ab6a31d3-9088-11ec-9cd9-dcf505d89e2c) with status 201
2022-02-17 23:02:03,145 - receiver - INFO - Returned event report fan speed response (Id: ab8a2a6d-9088-11ec-b14d-dcf505d89e2c) with status 201
2022-02-17 23:02:03,225 - receiver - INFO - Returned event report fan speed response (Id: ab9699c5-9088-11ec-bce1-dcf505d89e2c) with status 201
2022-02-17 23:02:03,415 - receiver - INFO - Returned event report fan speed response (Id: abb8d41c-9088-11ec-a414-dcf505d89e2c) with status 201
2022-02-17 23:02:26,436 - receiver - INFO - Received event report temperature request with a trace id of baba0d7a-9088-11ec-a0bc-dcf505d89e2c
2022-02-17 23:02:26,635 - receiver - INFO - Received event report temperature request with a trace id of bad8881c-9088-11ec-be9d-dcf505d89e2c
2022-02-17 23:02:26,821 - receiver - INFO - Received event report temperature request with a trace id of baf503b1-9088-11ec-91dc-dcf505d89e2c
2022-02-17 23:02:27,023 - receiver - INFO - Received event report temperature request with a trace id of bb13cadc-9088-11ec-8458-dcf505d89e2c
2022-02-17 23:02:27,230 - receiver - INFO - Received event report temperature request with a trace id of bb3363cc-9088-11ec-b769-dcf505d89e2c
2022-02-17 23:02:27,447 - receiver - INFO - Received event report temperature request with a trace id of bb548041-9088-11ec-a6af-dcf505d89e2c
2022-02-17 23:02:27,635 - receiver - INFO - Received event report temperature request with a trace id of bb712fc9-9088-11ec-8e10-dcf505d89e2c
2022-02-17 23:02:27,822 - receiver - INFO - Received event report temperature request with a trace id of bb8db889-9088-11ec-bcee-dcf505d89e2c
2022-02-17 23:02:28,036 - receiver - INFO - Received event report temperature request with a trace id of bbae3a3c-9088-11ec-8eb8-dcf505d89e2c
2022-02-17 23:02:28,231 - receiver - INFO - Received event report temperature request with a trace id of bbcc2136-9088-11ec-ae4c-dcf505d89e2c
2022-02-17 23:02:28,631 - receiver - INFO - Returned event report temperature response (Id: baba0d7a-9088-11ec-a0bc-dcf505d89e2c) with status 201
2022-02-17 23:02:28,637 - receiver - INFO - Received event report fan speed request with a trace id of bc0a148e-9088-11ec-95df-dcf505d89e2c
2022-02-17 23:02:28,792 - receiver - INFO - Returned event report temperature response (Id: bad8881c-9088-11ec-be9d-dcf505d89e2c) with status 201
2022-02-17 23:02:28,796 - receiver - INFO - Received event report fan speed request with a trace id of bc223583-9088-11ec-a598-dcf505d89e2c
2022-02-17 23:02:29,000 - receiver - INFO - Returned event report temperature response (Id: baf503b1-9088-11ec-91dc-dcf505d89e2c) with status 201
2022-02-17 23:02:29,004 - receiver - INFO - Received event report fan speed request with a trace id of bc4226fc-9088-11ec-84c1-dcf505d89e2c
2022-02-17 23:02:29,196 - receiver - INFO - Returned event report temperature response (Id: bb13cadc-9088-11ec-8458-dcf505d89e2c) with status 201
2022-02-17 23:02:29,199 - receiver - INFO - Received event report fan speed request with a trace id of bc5ff24a-9088-11ec-a5b5-dcf505d89e2c
2022-02-17 23:02:29,407 - receiver - INFO - Returned event report temperature response (Id: bb3363cc-9088-11ec-b769-dcf505d89e2c) with status 201
2022-02-17 23:02:29,410 - receiver - INFO - Received event report fan speed request with a trace id of bc801643-9088-11ec-9023-dcf505d89e2c
2022-02-17 23:02:29,636 - receiver - INFO - Returned event report temperature response (Id: bb548041-9088-11ec-a6af-dcf505d89e2c) with status 201
2022-02-17 23:02:29,639 - receiver - INFO - Received event report fan speed request with a trace id of bca305d0-9088-11ec-801e-dcf505d89e2c
2022-02-17 23:02:29,808 - receiver - INFO - Returned event report temperature response (Id: bb712fc9-9088-11ec-8e10-dcf505d89e2c) with status 201
2022-02-17 23:02:29,814 - receiver - INFO - Received event report fan speed request with a trace id of bcbdbaa6-9088-11ec-a32b-dcf505d89e2c
2022-02-17 23:02:30,006 - receiver - INFO - Returned event report temperature response (Id: bb8db889-9088-11ec-bcee-dcf505d89e2c) with status 201
2022-02-17 23:02:30,015 - receiver - INFO - Received event report fan speed request with a trace id of bcdc57f0-9088-11ec-9701-dcf505d89e2c
2022-02-17 23:02:30,232 - receiver - INFO - Returned event report temperature response (Id: bbae3a3c-9088-11ec-8eb8-dcf505d89e2c) with status 201
2022-02-17 23:02:30,236 - receiver - INFO - Received event report fan speed request with a trace id of bcfe10d7-9088-11ec-b718-dcf505d89e2c
2022-02-17 23:02:30,421 - receiver - INFO - Returned event report temperature response (Id: bbcc2136-9088-11ec-ae4c-dcf505d89e2c) with status 201
2022-02-17 23:02:30,425 - receiver - INFO - Received event report fan speed request with a trace id of bd1ae76b-9088-11ec-94f6-dcf505d89e2c
2022-02-17 23:02:30,805 - receiver - INFO - Returned event report fan speed response (Id: bc0a148e-9088-11ec-95df-dcf505d89e2c) with status 201
2022-02-17 23:02:30,810 - receiver - INFO - Received event report temperature request with a trace id of bd55a6a2-9088-11ec-a583-dcf505d89e2c
2022-02-17 23:02:30,964 - receiver - INFO - Returned event report fan speed response (Id: bc223583-9088-11ec-a598-dcf505d89e2c) with status 201
2022-02-17 23:02:30,969 - receiver - INFO - Received event report temperature request with a trace id of bd6de9bb-9088-11ec-aaa4-dcf505d89e2c
2022-02-17 23:02:31,207 - receiver - INFO - Returned event report fan speed response (Id: bc4226fc-9088-11ec-84c1-dcf505d89e2c) with status 201
2022-02-17 23:02:31,211 - receiver - INFO - Received event report temperature request with a trace id of bd92ead5-9088-11ec-b9a3-dcf505d89e2c
2022-02-17 23:02:31,381 - receiver - INFO - Returned event report fan speed response (Id: bc5ff24a-9088-11ec-a5b5-dcf505d89e2c) with status 201
2022-02-17 23:02:31,385 - receiver - INFO - Received event report temperature request with a trace id of bdad4a90-9088-11ec-b32d-dcf505d89e2c
2022-02-17 23:02:31,579 - receiver - INFO - Returned event report fan speed response (Id: bc801643-9088-11ec-9023-dcf505d89e2c) with status 201
2022-02-17 23:02:31,586 - receiver - INFO - Received event report temperature request with a trace id of bdcc10f4-9088-11ec-89bc-dcf505d89e2c
2022-02-17 23:02:31,822 - receiver - INFO - Returned event report fan speed response (Id: bca305d0-9088-11ec-801e-dcf505d89e2c) with status 201
2022-02-17 23:02:31,826 - receiver - INFO - Received event report temperature request with a trace id of bdf0b0b8-9088-11ec-94d1-dcf505d89e2c
2022-02-17 23:02:31,982 - receiver - INFO - Returned event report fan speed response (Id: bcbdbaa6-9088-11ec-a32b-dcf505d89e2c) with status 201
2022-02-17 23:02:31,986 - receiver - INFO - Received event report temperature request with a trace id of be091a8a-9088-11ec-b06d-dcf505d89e2c
2022-02-17 23:02:32,183 - receiver - INFO - Returned event report fan speed response (Id: bcdc57f0-9088-11ec-9701-dcf505d89e2c) with status 201
2022-02-17 23:02:32,187 - receiver - INFO - Received event report temperature request with a trace id of be27c874-9088-11ec-83bd-dcf505d89e2c
2022-02-17 23:02:32,414 - receiver - INFO - Returned event report fan speed response (Id: bcfe10d7-9088-11ec-b718-dcf505d89e2c) with status 201
2022-02-17 23:02:32,420 - receiver - INFO - Received event report temperature request with a trace id of be4b5629-9088-11ec-ac26-dcf505d89e2c
2022-02-17 23:02:32,650 - receiver - INFO - Returned event report fan speed response (Id: bd1ae76b-9088-11ec-94f6-dcf505d89e2c) with status 201
2022-02-17 23:02:32,660 - receiver - INFO - Received event report temperature request with a trace id of be6ff5fe-9088-11ec-b83f-dcf505d89e2c
2022-02-17 23:02:33,019 - receiver - INFO - Returned event report temperature response (Id: bd55a6a2-9088-11ec-a583-dcf505d89e2c) with status 201
2022-02-17 23:02:33,028 - receiver - INFO - Received event report fan speed request with a trace id of bea7f516-9088-11ec-8738-dcf505d89e2c
2022-02-17 23:02:33,205 - receiver - INFO - Returned event report temperature response (Id: bd6de9bb-9088-11ec-aaa4-dcf505d89e2c) with status 201
2022-02-17 23:02:33,208 - receiver - INFO - Received event report fan speed request with a trace id of bec39310-9088-11ec-aea7-dcf505d89e2c
2022-02-17 23:02:33,374 - receiver - INFO - Returned event report temperature response (Id: bd92ead5-9088-11ec-b9a3-dcf505d89e2c) with status 201
2022-02-17 23:02:33,382 - receiver - INFO - Received event report fan speed request with a trace id of bede200f-9088-11ec-bd76-dcf505d89e2c
2022-02-17 23:02:33,560 - receiver - INFO - Returned event report temperature response (Id: bdad4a90-9088-11ec-b32d-dcf505d89e2c) with status 201
2022-02-17 23:02:33,563 - receiver - INFO - Received event report fan speed request with a trace id of bef9bfaa-9088-11ec-9a9d-dcf505d89e2c
2022-02-17 23:02:33,780 - receiver - INFO - Returned event report temperature response (Id: bdcc10f4-9088-11ec-89bc-dcf505d89e2c) with status 201
2022-02-17 23:02:33,783 - receiver - INFO - Received event report fan speed request with a trace id of bf1b69e2-9088-11ec-baeb-dcf505d89e2c
2022-02-17 23:02:33,998 - receiver - INFO - Returned event report temperature response (Id: bdf0b0b8-9088-11ec-94d1-dcf505d89e2c) with status 201
2022-02-17 23:02:34,002 - receiver - INFO - Received event report fan speed request with a trace id of bf3cd42c-9088-11ec-81ef-dcf505d89e2c
2022-02-17 23:02:34,167 - receiver - INFO - Returned event report temperature response (Id: be091a8a-9088-11ec-b06d-dcf505d89e2c) with status 201
2022-02-17 23:02:34,173 - receiver - INFO - Received event report fan speed request with a trace id of bf56afdc-9088-11ec-b756-dcf505d89e2c
2022-02-17 23:02:34,363 - receiver - INFO - Returned event report temperature response (Id: be27c874-9088-11ec-83bd-dcf505d89e2c) with status 201
2022-02-17 23:02:34,367 - receiver - INFO - Received event report fan speed request with a trace id of bf7469a3-9088-11ec-aed6-dcf505d89e2c
2022-02-17 23:02:34,611 - receiver - INFO - Returned event report temperature response (Id: be4b5629-9088-11ec-ac26-dcf505d89e2c) with status 201
2022-02-17 23:02:34,615 - receiver - INFO - Received event report fan speed request with a trace id of bf9a413e-9088-11ec-847a-dcf505d89e2c
2022-02-17 23:02:34,833 - receiver - INFO - Returned event report temperature response (Id: be6ff5fe-9088-11ec-b83f-dcf505d89e2c) with status 201
2022-02-17 23:02:34,841 - receiver - INFO - Received event report fan speed request with a trace id of bfbcbd80-9088-11ec-9bb0-dcf505d89e2c
2022-02-17 23:02:35,229 - receiver - INFO - Returned event report fan speed response (Id: bea7f516-9088-11ec-8738-dcf505d89e2c) with status 201
2022-02-17 23:02:35,235 - receiver - INFO - Received event report temperature request with a trace id of bff8dc56-9088-11ec-b0d8-dcf505d89e2c
2022-02-17 23:02:35,367 - receiver - INFO - Returned event report fan speed response (Id: bec39310-9088-11ec-aea7-dcf505d89e2c) with status 201
2022-02-17 23:02:35,370 - receiver - INFO - Received event report temperature request with a trace id of c00d7b3c-9088-11ec-9af9-dcf505d89e2c
2022-02-17 23:02:35,583 - receiver - INFO - Returned event report fan speed response (Id: bede200f-9088-11ec-bd76-dcf505d89e2c) with status 201
2022-02-17 23:02:35,595 - receiver - INFO - Received event report temperature request with a trace id of c02fabcb-9088-11ec-a5e5-dcf505d89e2c
2022-02-17 23:02:35,743 - receiver - INFO - Returned event report fan speed response (Id: bef9bfaa-9088-11ec-9a9d-dcf505d89e2c) with status 201
2022-02-17 23:02:35,746 - receiver - INFO - Received event report temperature request with a trace id of c046ed05-9088-11ec-ae01-dcf505d89e2c
2022-02-17 23:02:35,955 - receiver - INFO - Returned event report fan speed response (Id: bf1b69e2-9088-11ec-baeb-dcf505d89e2c) with status 201
2022-02-17 23:02:35,958 - receiver - INFO - Received event report temperature request with a trace id of c0672b47-9088-11ec-b456-dcf505d89e2c
2022-02-17 23:02:36,167 - receiver - INFO - Returned event report fan speed response (Id: bf3cd42c-9088-11ec-81ef-dcf505d89e2c) with status 201
2022-02-17 23:02:36,181 - receiver - INFO - Received event report temperature request with a trace id of c0894d30-9088-11ec-9b40-dcf505d89e2c
2022-02-17 23:02:36,371 - receiver - INFO - Returned event report fan speed response (Id: bf56afdc-9088-11ec-b756-dcf505d89e2c) with status 201
2022-02-17 23:02:36,386 - receiver - INFO - Received event report temperature request with a trace id of c0a884a3-9088-11ec-bfe3-dcf505d89e2c
2022-02-17 23:02:36,546 - receiver - INFO - Returned event report fan speed response (Id: bf7469a3-9088-11ec-aed6-dcf505d89e2c) with status 201
2022-02-17 23:02:36,549 - receiver - INFO - Received event report temperature request with a trace id of c0c163ab-9088-11ec-a153-dcf505d89e2c
2022-02-17 23:02:36,797 - receiver - INFO - Returned event report fan speed response (Id: bf9a413e-9088-11ec-847a-dcf505d89e2c) with status 201
2022-02-17 23:02:36,801 - receiver - INFO - Received event report temperature request with a trace id of c0e7b9c7-9088-11ec-be0d-dcf505d89e2c
2022-02-17 23:02:37,039 - receiver - INFO - Returned event report fan speed response (Id: bfbcbd80-9088-11ec-9bb0-dcf505d89e2c) with status 201
2022-02-17 23:02:37,046 - receiver - INFO - Received event report temperature request with a trace id of c10d36ac-9088-11ec-8602-dcf505d89e2c
2022-02-17 23:02:37,409 - receiver - INFO - Returned event report temperature response (Id: bff8dc56-9088-11ec-b0d8-dcf505d89e2c) with status 201
2022-02-17 23:02:37,421 - receiver - INFO - Received event report fan speed request with a trace id of c146801d-9088-11ec-9ce4-dcf505d89e2c
2022-02-17 23:02:37,532 - receiver - INFO - Returned event report temperature response (Id: c00d7b3c-9088-11ec-9af9-dcf505d89e2c) with status 201
2022-02-17 23:02:37,538 - receiver - INFO - Received event report fan speed request with a trace id of c1585a5a-9088-11ec-be38-dcf505d89e2c
2022-02-17 23:02:37,761 - receiver - INFO - Returned event report temperature response (Id: c02fabcb-9088-11ec-a5e5-dcf505d89e2c) with status 201
2022-02-17 23:02:37,774 - receiver - INFO - Received event report fan speed request with a trace id of c17c3eeb-9088-11ec-a33e-dcf505d89e2c
2022-02-17 23:02:37,914 - receiver - INFO - Returned event report temperature response (Id: c046ed05-9088-11ec-ae01-dcf505d89e2c) with status 201
2022-02-17 23:02:37,926 - receiver - INFO - Received event report fan speed request with a trace id of c1938a59-9088-11ec-8649-dcf505d89e2c
2022-02-17 23:02:38,125 - receiver - INFO - Returned event report temperature response (Id: c0672b47-9088-11ec-b456-dcf505d89e2c) with status 201
2022-02-17 23:02:38,128 - receiver - INFO - Received event report fan speed request with a trace id of c1b26463-9088-11ec-ae4c-dcf505d89e2c
2022-02-17 23:02:38,361 - receiver - INFO - Returned event report temperature response (Id: c0894d30-9088-11ec-9b40-dcf505d89e2c) with status 201
2022-02-17 23:02:38,364 - receiver - INFO - Received event report fan speed request with a trace id of c1d66702-9088-11ec-9e18-dcf505d89e2c
2022-02-17 23:02:38,570 - receiver - INFO - Returned event report temperature response (Id: c0a884a3-9088-11ec-bfe3-dcf505d89e2c) with status 201
2022-02-17 23:02:38,580 - receiver - INFO - Received event report fan speed request with a trace id of c1f75ce8-9088-11ec-9e7b-dcf505d89e2c
2022-02-17 23:02:38,732 - receiver - INFO - Returned event report temperature response (Id: c0c163ab-9088-11ec-a153-dcf505d89e2c) with status 201
2022-02-17 23:02:38,737 - receiver - INFO - Received event report fan speed request with a trace id of c20f5342-9088-11ec-ac8f-dcf505d89e2c
2022-02-17 23:02:38,984 - receiver - INFO - Returned event report temperature response (Id: c0e7b9c7-9088-11ec-be0d-dcf505d89e2c) with status 201
2022-02-17 23:02:38,993 - receiver - INFO - Received event report fan speed request with a trace id of c236462e-9088-11ec-b136-dcf505d89e2c
2022-02-17 23:02:39,207 - receiver - INFO - Returned event report temperature response (Id: c10d36ac-9088-11ec-8602-dcf505d89e2c) with status 201
2022-02-17 23:02:39,212 - receiver - INFO - Received event report fan speed request with a trace id of c257b6c2-9088-11ec-a71c-dcf505d89e2c
2022-02-17 23:02:39,622 - receiver - INFO - Returned event report fan speed response (Id: c146801d-9088-11ec-9ce4-dcf505d89e2c) with status 201
2022-02-17 23:02:39,626 - receiver - INFO - Received event report temperature request with a trace id of c296e110-9088-11ec-b141-dcf505d89e2c
2022-02-17 23:02:39,715 - receiver - INFO - Returned event report fan speed response (Id: c1585a5a-9088-11ec-be38-dcf505d89e2c) with status 201
2022-02-17 23:02:39,721 - receiver - INFO - Received event report temperature request with a trace id of c2a543bb-9088-11ec-af92-dcf505d89e2c
2022-02-17 23:02:39,946 - receiver - INFO - Returned event report fan speed response (Id: c17c3eeb-9088-11ec-a33e-dcf505d89e2c) with status 201
2022-02-17 23:02:39,949 - receiver - INFO - Received event report temperature request with a trace id of c2c83e80-9088-11ec-909d-dcf505d89e2c
2022-02-17 23:02:40,105 - receiver - INFO - Returned event report fan speed response (Id: c1938a59-9088-11ec-8649-dcf505d89e2c) with status 201
2022-02-17 23:02:40,108 - receiver - INFO - Received event report temperature request with a trace id of c2e061d2-9088-11ec-8dab-dcf505d89e2c
2022-02-17 23:02:40,318 - receiver - INFO - Returned event report fan speed response (Id: c1b26463-9088-11ec-ae4c-dcf505d89e2c) with status 201
2022-02-17 23:02:40,322 - receiver - INFO - Received event report temperature request with a trace id of c3012cb6-9088-11ec-a1a9-dcf505d89e2c
2022-02-17 23:02:40,549 - receiver - INFO - Returned event report fan speed response (Id: c1d66702-9088-11ec-9e18-dcf505d89e2c) with status 201
2022-02-17 23:02:40,553 - receiver - INFO - Received event report temperature request with a trace id of c32454df-9088-11ec-b702-dcf505d89e2c
2022-02-17 23:02:40,747 - receiver - INFO - Returned event report fan speed response (Id: c1f75ce8-9088-11ec-9e7b-dcf505d89e2c) with status 201
2022-02-17 23:02:40,757 - receiver - INFO - Received event report temperature request with a trace id of c3434f1e-9088-11ec-9890-dcf505d89e2c
2022-02-17 23:02:40,926 - receiver - INFO - Returned event report fan speed response (Id: c20f5342-9088-11ec-ac8f-dcf505d89e2c) with status 201
2022-02-17 23:02:40,935 - receiver - INFO - Received event report temperature request with a trace id of c35e9d5d-9088-11ec-9136-dcf505d89e2c
2022-02-17 23:02:41,158 - receiver - INFO - Returned event report fan speed response (Id: c236462e-9088-11ec-b136-dcf505d89e2c) with status 201
2022-02-17 23:02:41,168 - receiver - INFO - Received event report temperature request with a trace id of c382450d-9088-11ec-9dae-dcf505d89e2c
2022-02-17 23:02:41,397 - receiver - INFO - Returned event report fan speed response (Id: c257b6c2-9088-11ec-a71c-dcf505d89e2c) with status 201
2022-02-17 23:02:41,401 - receiver - INFO - Received event report temperature request with a trace id of c3a5b319-9088-11ec-b7ad-dcf505d89e2c
2022-02-17 23:02:41,803 - receiver - INFO - Returned event report temperature response (Id: c296e110-9088-11ec-b141-dcf505d89e2c) with status 201
2022-02-17 23:02:41,806 - receiver - INFO - Received event report fan speed request with a trace id of c3e38f1b-9088-11ec-bc7a-dcf505d89e2c
2022-02-17 23:02:41,921 - receiver - INFO - Returned event report temperature response (Id: c2a543bb-9088-11ec-af92-dcf505d89e2c) with status 201
2022-02-17 23:02:41,931 - receiver - INFO - Received event report fan speed request with a trace id of c3f69188-9088-11ec-b5e5-dcf505d89e2c
2022-02-17 23:02:42,136 - receiver - INFO - Returned event report temperature response (Id: c2c83e80-9088-11ec-909d-dcf505d89e2c) with status 201
2022-02-17 23:02:42,140 - receiver - INFO - Received event report fan speed request with a trace id of c41658a2-9088-11ec-8477-dcf505d89e2c
2022-02-17 23:02:42,266 - receiver - INFO - Returned event report temperature response (Id: c2e061d2-9088-11ec-8dab-dcf505d89e2c) with status 201
2022-02-17 23:02:42,269 - receiver - INFO - Received event report fan speed request with a trace id of c42a2ec2-9088-11ec-bfd2-dcf505d89e2c
2022-02-17 23:02:42,511 - receiver - INFO - Returned event report temperature response (Id: c3012cb6-9088-11ec-a1a9-dcf505d89e2c) with status 201
2022-02-17 23:02:42,519 - receiver - INFO - Received event report fan speed request with a trace id of c4505492-9088-11ec-abfd-dcf505d89e2c
2022-02-17 23:02:42,755 - receiver - INFO - Returned event report temperature response (Id: c32454df-9088-11ec-b702-dcf505d89e2c) with status 201
2022-02-17 23:02:42,758 - receiver - INFO - Received event report fan speed request with a trace id of c474cc55-9088-11ec-ad25-dcf505d89e2c
2022-02-17 23:02:42,959 - receiver - INFO - Returned event report temperature response (Id: c3434f1e-9088-11ec-9890-dcf505d89e2c) with status 201
2022-02-17 23:02:42,965 - receiver - INFO - Received event report fan speed request with a trace id of c49463f4-9088-11ec-b381-dcf505d89e2c
2022-02-17 23:02:43,111 - receiver - INFO - Returned event report temperature response (Id: c35e9d5d-9088-11ec-9136-dcf505d89e2c) with status 201
2022-02-17 23:02:43,122 - receiver - INFO - Received event report fan speed request with a trace id of c4ac2258-9088-11ec-94c3-dcf505d89e2c
2022-02-17 23:02:43,328 - receiver - INFO - Returned event report temperature response (Id: c382450d-9088-11ec-9dae-dcf505d89e2c) with status 201
2022-02-17 23:02:43,335 - receiver - INFO - Received event report fan speed request with a trace id of c4cccd7f-9088-11ec-bf1d-dcf505d89e2c
2022-02-17 23:02:43,577 - receiver - INFO - Returned event report temperature response (Id: c3a5b319-9088-11ec-b7ad-dcf505d89e2c) with status 201
2022-02-17 23:02:43,592 - receiver - INFO - Received event report fan speed request with a trace id of c4f40ddc-9088-11ec-88a8-dcf505d89e2c
2022-02-17 23:02:44,006 - receiver - INFO - Returned event report fan speed response (Id: c3e38f1b-9088-11ec-bc7a-dcf505d89e2c) with status 201
2022-02-17 23:02:44,010 - receiver - INFO - Received event report temperature request with a trace id of c533e874-9088-11ec-abe3-dcf505d89e2c
2022-02-17 23:02:44,101 - receiver - INFO - Returned event report fan speed response (Id: c3f69188-9088-11ec-b5e5-dcf505d89e2c) with status 201
2022-02-17 23:02:44,104 - receiver - INFO - Received event report temperature request with a trace id of c542404a-9088-11ec-961d-dcf505d89e2c
2022-02-17 23:02:44,339 - receiver - INFO - Returned event report fan speed response (Id: c41658a2-9088-11ec-8477-dcf505d89e2c) with status 201
2022-02-17 23:02:44,342 - receiver - INFO - Received event report temperature request with a trace id of c566914b-9088-11ec-bd5e-dcf505d89e2c
2022-02-17 23:02:44,444 - receiver - INFO - Returned event report fan speed response (Id: c42a2ec2-9088-11ec-bfd2-dcf505d89e2c) with status 201
2022-02-17 23:02:44,448 - receiver - INFO - Received event report temperature request with a trace id of c576b964-9088-11ec-92f4-dcf505d89e2c
2022-02-17 23:02:44,711 - receiver - INFO - Returned event report fan speed response (Id: c4505492-9088-11ec-abfd-dcf505d89e2c) with status 201
2022-02-17 23:02:44,714 - receiver - INFO - Received event report temperature request with a trace id of c59f5004-9088-11ec-987d-dcf505d89e2c
2022-02-17 23:02:44,945 - receiver - INFO - Returned event report fan speed response (Id: c474cc55-9088-11ec-ad25-dcf505d89e2c) with status 201
2022-02-17 23:02:44,954 - receiver - INFO - Received event report temperature request with a trace id of c5c3df42-9088-11ec-88f1-dcf505d89e2c
2022-02-17 23:02:45,148 - receiver - INFO - Returned event report fan speed response (Id: c49463f4-9088-11ec-b381-dcf505d89e2c) with status 201
2022-02-17 23:02:45,164 - receiver - INFO - Received event report temperature request with a trace id of c5e3f3c3-9088-11ec-8c6a-dcf505d89e2c
2022-02-17 23:02:45,302 - receiver - INFO - Returned event report fan speed response (Id: c4ac2258-9088-11ec-94c3-dcf505d89e2c) with status 201
2022-02-17 23:02:45,313 - receiver - INFO - Received event report temperature request with a trace id of c5fab1c4-9088-11ec-bf75-dcf505d89e2c
2022-02-17 23:02:45,516 - receiver - INFO - Returned event report fan speed response (Id: c4cccd7f-9088-11ec-bf1d-dcf505d89e2c) with status 201
2022-02-17 23:02:45,526 - receiver - INFO - Received event report temperature request with a trace id of c61b367a-9088-11ec-8db1-dcf505d89e2c
2022-02-17 23:02:45,771 - receiver - INFO - Returned event report fan speed response (Id: c4f40ddc-9088-11ec-88a8-dcf505d89e2c) with status 201
2022-02-17 23:02:45,786 - receiver - INFO - Received event report temperature request with a trace id of c642d7c1-9088-11ec-aa21-dcf505d89e2c
2022-02-17 23:02:46,244 - receiver - INFO - Returned event report temperature response (Id: c533e874-9088-11ec-abe3-dcf505d89e2c) with status 201
2022-02-17 23:02:46,249 - receiver - INFO - Received event report fan speed request with a trace id of c6899255-9088-11ec-a8a9-dcf505d89e2c
2022-02-17 23:02:46,329 - receiver - INFO - Returned event report temperature response (Id: c542404a-9088-11ec-961d-dcf505d89e2c) with status 201
2022-02-17 23:02:46,333 - receiver - INFO - Received event report fan speed request with a trace id of c6966392-9088-11ec-b08f-dcf505d89e2c
2022-02-17 23:02:46,537 - receiver - INFO - Returned event report temperature response (Id: c566914b-9088-11ec-bd5e-dcf505d89e2c) with status 201
2022-02-17 23:02:46,540 - receiver - INFO - Received event report fan speed request with a trace id of c6b5de89-9088-11ec-9798-dcf505d89e2c
2022-02-17 23:02:46,621 - receiver - INFO - Returned event report temperature response (Id: c576b964-9088-11ec-92f4-dcf505d89e2c) with status 201
2022-02-17 23:02:46,624 - receiver - INFO - Received event report fan speed request with a trace id of c6c2afb9-9088-11ec-a0c5-dcf505d89e2c
2022-02-17 23:02:46,934 - receiver - INFO - Returned event report temperature response (Id: c59f5004-9088-11ec-987d-dcf505d89e2c) with status 201
2022-02-17 23:02:46,940 - receiver - INFO - Received event report fan speed request with a trace id of c6f302c4-9088-11ec-aaf8-dcf505d89e2c
2022-02-17 23:02:47,122 - receiver - INFO - Returned event report temperature response (Id: c5c3df42-9088-11ec-88f1-dcf505d89e2c) with status 201
2022-02-17 23:02:47,126 - receiver - INFO - Received event report fan speed request with a trace id of c70f4dfd-9088-11ec-8d0c-dcf505d89e2c
2022-02-17 23:02:47,342 - receiver - INFO - Returned event report temperature response (Id: c5e3f3c3-9088-11ec-8c6a-dcf505d89e2c) with status 201
2022-02-17 23:02:47,362 - receiver - INFO - Received event report fan speed request with a trace id of c73365f6-9088-11ec-8993-dcf505d89e2c
2022-02-17 23:02:47,506 - receiver - INFO - Returned event report temperature response (Id: c5fab1c4-9088-11ec-bf75-dcf505d89e2c) with status 201
2022-02-17 23:02:47,515 - receiver - INFO - Received event report fan speed request with a trace id of c74a845f-9088-11ec-9b49-dcf505d89e2c
2022-02-17 23:02:47,714 - receiver - INFO - Returned event report temperature response (Id: c61b367a-9088-11ec-8db1-dcf505d89e2c) with status 201
2022-02-17 23:02:47,729 - receiver - INFO - Received event report fan speed request with a trace id of c76b599d-9088-11ec-a23d-dcf505d89e2c
2022-02-17 23:02:47,988 - receiver - INFO - Returned event report temperature response (Id: c642d7c1-9088-11ec-aa21-dcf505d89e2c) with status 201
2022-02-17 23:02:47,997 - receiver - INFO - Received event report fan speed request with a trace id of c7942d00-9088-11ec-b852-dcf505d89e2c
2022-02-17 23:02:48,431 - receiver - INFO - Returned event report fan speed response (Id: c6899255-9088-11ec-a8a9-dcf505d89e2c) with status 201
2022-02-17 23:02:48,436 - receiver - INFO - Received event report temperature request with a trace id of c7d7294e-9088-11ec-ba7d-dcf505d89e2c
2022-02-17 23:02:48,527 - receiver - INFO - Returned event report fan speed response (Id: c6966392-9088-11ec-b08f-dcf505d89e2c) with status 201
2022-02-17 23:02:48,532 - receiver - INFO - Received event report temperature request with a trace id of c7e5a83f-9088-11ec-812c-dcf505d89e2c
2022-02-17 23:02:48,729 - receiver - INFO - Returned event report fan speed response (Id: c6b5de89-9088-11ec-9798-dcf505d89e2c) with status 201
2022-02-17 23:02:48,733 - receiver - INFO - Received event report temperature request with a trace id of c8047c85-9088-11ec-9277-dcf505d89e2c
2022-02-17 23:02:48,796 - receiver - INFO - Returned event report fan speed response (Id: c6c2afb9-9088-11ec-a0c5-dcf505d89e2c) with status 201
2022-02-17 23:02:48,799 - receiver - INFO - Received event report temperature request with a trace id of c80e8d2e-9088-11ec-9aed-dcf505d89e2c
2022-02-17 23:02:49,127 - receiver - INFO - Returned event report fan speed response (Id: c6f302c4-9088-11ec-aaf8-dcf505d89e2c) with status 201
2022-02-17 23:02:49,132 - receiver - INFO - Received event report temperature request with a trace id of c84152e0-9088-11ec-be44-dcf505d89e2c
2022-02-17 23:02:49,306 - receiver - INFO - Returned event report fan speed response (Id: c70f4dfd-9088-11ec-8d0c-dcf505d89e2c) with status 201
2022-02-17 23:02:49,316 - receiver - INFO - Received event report temperature request with a trace id of c85d6c8c-9088-11ec-b2d1-dcf505d89e2c
2022-02-17 23:02:49,547 - receiver - INFO - Returned event report fan speed response (Id: c73365f6-9088-11ec-8993-dcf505d89e2c) with status 201
2022-02-17 23:02:49,555 - receiver - INFO - Received event report temperature request with a trace id of c881c06d-9088-11ec-8337-dcf505d89e2c
2022-02-17 23:02:49,700 - receiver - INFO - Returned event report fan speed response (Id: c74a845f-9088-11ec-9b49-dcf505d89e2c) with status 201
2022-02-17 23:02:49,709 - receiver - INFO - Received event report temperature request with a trace id of c89977c7-9088-11ec-9554-dcf505d89e2c
2022-02-17 23:02:49,923 - receiver - INFO - Returned event report fan speed response (Id: c76b599d-9088-11ec-a23d-dcf505d89e2c) with status 201
2022-02-17 23:02:49,930 - receiver - INFO - Received event report temperature request with a trace id of c8bb3f5d-9088-11ec-b76f-dcf505d89e2c
2022-02-17 23:02:50,264 - receiver - INFO - Returned event report fan speed response (Id: c7942d00-9088-11ec-b852-dcf505d89e2c) with status 201
2022-02-17 23:02:50,274 - receiver - INFO - Received event report temperature request with a trace id of c8efbb53-9088-11ec-88b8-dcf505d89e2c
2022-02-17 23:02:50,673 - receiver - INFO - Returned event report temperature response (Id: c7d7294e-9088-11ec-ba7d-dcf505d89e2c) with status 201
2022-02-17 23:02:50,679 - receiver - INFO - Received event report fan speed request with a trace id of c92d6654-9088-11ec-b825-dcf505d89e2c
2022-02-17 23:02:50,714 - receiver - INFO - Returned event report temperature response (Id: c7e5a83f-9088-11ec-812c-dcf505d89e2c) with status 201
2022-02-17 23:02:50,731 - receiver - INFO - Received event report fan speed request with a trace id of c935560f-9088-11ec-97da-dcf505d89e2c
2022-02-17 23:02:50,926 - receiver - INFO - Returned event report temperature response (Id: c8047c85-9088-11ec-9277-dcf505d89e2c) with status 201
2022-02-17 23:02:50,935 - receiver - INFO - Received event report fan speed request with a trace id of c9544f18-9088-11ec-b7df-dcf505d89e2c
2022-02-17 23:02:50,974 - receiver - INFO - Returned event report temperature response (Id: c80e8d2e-9088-11ec-9aed-dcf505d89e2c) with status 201
2022-02-17 23:02:50,977 - receiver - INFO - Received event report fan speed request with a trace id of c95adec7-9088-11ec-bacd-dcf505d89e2c
2022-02-17 23:02:51,374 - receiver - INFO - Returned event report temperature response (Id: c84152e0-9088-11ec-be44-dcf505d89e2c) with status 201
2022-02-17 23:02:51,385 - receiver - INFO - Received event report fan speed request with a trace id of c9991f97-9088-11ec-8b65-dcf505d89e2c
2022-02-17 23:02:51,480 - receiver - INFO - Returned event report temperature response (Id: c85d6c8c-9088-11ec-b2d1-dcf505d89e2c) with status 201
2022-02-17 23:02:51,485 - receiver - INFO - Received event report fan speed request with a trace id of c9a86d7e-9088-11ec-b940-dcf505d89e2c
2022-02-17 23:02:51,736 - receiver - INFO - Returned event report temperature response (Id: c881c06d-9088-11ec-8337-dcf505d89e2c) with status 201
2022-02-17 23:02:51,740 - receiver - INFO - Received event report fan speed request with a trace id of c9cf2942-9088-11ec-b32f-dcf505d89e2c
2022-02-17 23:02:51,897 - receiver - INFO - Returned event report temperature response (Id: c89977c7-9088-11ec-9554-dcf505d89e2c) with status 201
2022-02-17 23:02:51,907 - receiver - INFO - Received event report fan speed request with a trace id of c9e8cf78-9088-11ec-b41b-dcf505d89e2c
2022-02-17 23:02:52,118 - receiver - INFO - Returned event report temperature response (Id: c8bb3f5d-9088-11ec-b76f-dcf505d89e2c) with status 201
2022-02-17 23:02:52,127 - receiver - INFO - Received event report fan speed request with a trace id of ca0a7a74-9088-11ec-9887-dcf505d89e2c
2022-02-17 23:02:52,460 - receiver - INFO - Returned event report temperature response (Id: c8efbb53-9088-11ec-88b8-dcf505d89e2c) with status 201
2022-02-17 23:02:52,471 - receiver - INFO - Received event report fan speed request with a trace id of ca3ed668-9088-11ec-9cbe-dcf505d89e2c
2022-02-17 23:02:52,848 - receiver - INFO - Returned event report fan speed response (Id: c92d6654-9088-11ec-b825-dcf505d89e2c) with status 201
2022-02-17 23:02:52,851 - receiver - INFO - Received event report temperature request with a trace id of ca78ec67-9088-11ec-b49b-dcf505d89e2c
2022-02-17 23:02:52,905 - receiver - INFO - Returned event report fan speed response (Id: c935560f-9088-11ec-97da-dcf505d89e2c) with status 201
2022-02-17 23:02:52,918 - receiver - INFO - Received event report temperature request with a trace id of ca8325c2-9088-11ec-848b-dcf505d89e2c
2022-02-17 23:02:53,129 - receiver - INFO - Returned event report fan speed response (Id: c9544f18-9088-11ec-b7df-dcf505d89e2c) with status 201
2022-02-17 23:02:53,138 - receiver - INFO - Received event report temperature request with a trace id of caa4c0ef-9088-11ec-95e0-dcf505d89e2c
2022-02-17 23:02:53,161 - receiver - INFO - Returned event report fan speed response (Id: c95adec7-9088-11ec-bacd-dcf505d89e2c) with status 201
2022-02-17 23:02:53,170 - receiver - INFO - Received event report temperature request with a trace id of caa98ce5-9088-11ec-be66-dcf505d89e2c
2022-02-17 23:02:53,569 - receiver - INFO - Returned event report fan speed response (Id: c9991f97-9088-11ec-8b65-dcf505d89e2c) with status 201
2022-02-17 23:02:53,574 - receiver - INFO - Received event report temperature request with a trace id of cae72ad7-9088-11ec-a12f-dcf505d89e2c
2022-02-17 23:02:53,643 - receiver - INFO - Returned event report fan speed response (Id: c9a86d7e-9088-11ec-b940-dcf505d89e2c) with status 201
2022-02-17 23:02:53,655 - receiver - INFO - Received event report temperature request with a trace id of caf3948e-9088-11ec-99e4-dcf505d89e2c
2022-02-17 23:02:53,910 - receiver - INFO - Returned event report fan speed response (Id: c9cf2942-9088-11ec-b32f-dcf505d89e2c) with status 201
2022-02-17 23:02:53,915 - receiver - INFO - Received event report temperature request with a trace id of cb1b451a-9088-11ec-8922-dcf505d89e2c
2022-02-17 23:02:54,093 - receiver - INFO - Returned event report fan speed response (Id: c9e8cf78-9088-11ec-b41b-dcf505d89e2c) with status 201
2022-02-17 23:02:54,097 - receiver - INFO - Received event report temperature request with a trace id of cb371688-9088-11ec-a763-dcf505d89e2c
2022-02-17 23:02:54,309 - receiver - INFO - Returned event report fan speed response (Id: ca0a7a74-9088-11ec-9887-dcf505d89e2c) with status 201
2022-02-17 23:02:54,313 - receiver - INFO - Received event report temperature request with a trace id of cb580ae6-9088-11ec-abb9-dcf505d89e2c
2022-02-17 23:02:54,669 - receiver - INFO - Returned event report fan speed response (Id: ca3ed668-9088-11ec-9cbe-dcf505d89e2c) with status 201
2022-02-17 23:02:54,679 - receiver - INFO - Received event report temperature request with a trace id of cb8fd0ed-9088-11ec-b870-dcf505d89e2c
2022-02-17 23:02:55,030 - receiver - INFO - Returned event report temperature response (Id: ca78ec67-9088-11ec-b49b-dcf505d89e2c) with status 201
2022-02-17 23:02:55,035 - receiver - INFO - Received event report fan speed request with a trace id of cbc61b26-9088-11ec-97f4-dcf505d89e2c
2022-02-17 23:02:55,092 - receiver - INFO - Returned event report temperature response (Id: ca8325c2-9088-11ec-848b-dcf505d89e2c) with status 201
2022-02-17 23:02:55,096 - receiver - INFO - Received event report fan speed request with a trace id of cbcf6e46-9088-11ec-8feb-dcf505d89e2c
2022-02-17 23:02:55,306 - receiver - INFO - Returned event report temperature response (Id: caa4c0ef-9088-11ec-95e0-dcf505d89e2c) with status 201
2022-02-17 23:02:55,309 - receiver - INFO - Received event report fan speed request with a trace id of cbeff625-9088-11ec-b397-dcf505d89e2c
2022-02-17 23:02:55,339 - receiver - INFO - Returned event report temperature response (Id: caa98ce5-9088-11ec-be66-dcf505d89e2c) with status 201
2022-02-17 23:02:55,342 - receiver - INFO - Received event report fan speed request with a trace id of cbf506bc-9088-11ec-a525-dcf505d89e2c
2022-02-17 23:02:55,759 - receiver - INFO - Returned event report temperature response (Id: cae72ad7-9088-11ec-a12f-dcf505d89e2c) with status 201
2022-02-17 23:02:55,766 - receiver - INFO - Received event report fan speed request with a trace id of cc35a67f-9088-11ec-ad6d-dcf505d89e2c
2022-02-17 23:02:55,850 - receiver - INFO - Returned event report temperature response (Id: caf3948e-9088-11ec-99e4-dcf505d89e2c) with status 201
2022-02-17 23:02:55,867 - receiver - INFO - Received event report fan speed request with a trace id of cc451f9c-9088-11ec-afa9-dcf505d89e2c
2022-02-17 23:02:56,094 - receiver - INFO - Returned event report temperature response (Id: cb1b451a-9088-11ec-8922-dcf505d89e2c) with status 201
2022-02-17 23:02:56,098 - receiver - INFO - Received event report fan speed request with a trace id of cc68468a-9088-11ec-b54a-dcf505d89e2c
2022-02-17 23:02:56,297 - receiver - INFO - Returned event report temperature response (Id: cb371688-9088-11ec-a763-dcf505d89e2c) with status 201
2022-02-17 23:02:56,310 - receiver - INFO - Received event report fan speed request with a trace id of cc889ff5-9088-11ec-a653-dcf505d89e2c
2022-02-17 23:02:56,486 - receiver - INFO - Returned event report temperature response (Id: cb580ae6-9088-11ec-abb9-dcf505d89e2c) with status 201
2022-02-17 23:02:56,494 - receiver - INFO - Received event report fan speed request with a trace id of cca4b33c-9088-11ec-b300-dcf505d89e2c
2022-02-17 23:02:56,886 - receiver - INFO - Returned event report temperature response (Id: cb8fd0ed-9088-11ec-b870-dcf505d89e2c) with status 201
2022-02-17 23:02:56,889 - receiver - INFO - Received event report fan speed request with a trace id of cce0f924-9088-11ec-b355-dcf505d89e2c
2022-02-17 23:02:57,209 - receiver - INFO - Returned event report fan speed response (Id: cbc61b26-9088-11ec-97f4-dcf505d89e2c) with status 201
2022-02-17 23:02:57,212 - receiver - INFO - Received event report temperature request with a trace id of cd12444a-9088-11ec-8c9e-dcf505d89e2c
2022-02-17 23:02:57,266 - receiver - INFO - Returned event report fan speed response (Id: cbcf6e46-9088-11ec-8feb-dcf505d89e2c) with status 201
2022-02-17 23:02:57,281 - receiver - INFO - Received event report temperature request with a trace id of cd1ca6c9-9088-11ec-a105-dcf505d89e2c
2022-02-17 23:02:57,491 - receiver - INFO - Returned event report fan speed response (Id: cbeff625-9088-11ec-b397-dcf505d89e2c) with status 201
2022-02-17 23:02:57,494 - receiver - INFO - Received event report temperature request with a trace id of cd3d5f18-9088-11ec-993e-dcf505d89e2c
2022-02-17 23:02:57,535 - receiver - INFO - Returned event report fan speed response (Id: cbf506bc-9088-11ec-a525-dcf505d89e2c) with status 201
2022-02-17 23:02:57,537 - receiver - INFO - Received event report temperature request with a trace id of cd43e9e1-9088-11ec-8bb4-dcf505d89e2c
2022-02-17 23:02:57,939 - receiver - INFO - Returned event report fan speed response (Id: cc35a67f-9088-11ec-ad6d-dcf505d89e2c) with status 201
2022-02-17 23:02:57,946 - receiver - INFO - Received event report temperature request with a trace id of cd8244c6-9088-11ec-94bb-dcf505d89e2c
2022-02-17 23:02:58,064 - receiver - INFO - Returned event report fan speed response (Id: cc451f9c-9088-11ec-afa9-dcf505d89e2c) with status 201
2022-02-17 23:02:58,073 - receiver - INFO - Received event report temperature request with a trace id of cd95a570-9088-11ec-96a9-dcf505d89e2c
2022-02-17 23:02:58,261 - receiver - INFO - Returned event report fan speed response (Id: cc68468a-9088-11ec-b54a-dcf505d89e2c) with status 201
2022-02-17 23:02:58,270 - receiver - INFO - Received event report temperature request with a trace id of cdb3b4e3-9088-11ec-8f0d-dcf505d89e2c
2022-02-17 23:02:58,500 - receiver - INFO - Returned event report fan speed response (Id: cc889ff5-9088-11ec-a653-dcf505d89e2c) with status 201
2022-02-17 23:02:58,509 - receiver - INFO - Received event report temperature request with a trace id of cdd82e0c-9088-11ec-ad1b-dcf505d89e2c
2022-02-17 23:02:58,671 - receiver - INFO - Returned event report fan speed response (Id: cca4b33c-9088-11ec-b300-dcf505d89e2c) with status 201
2022-02-17 23:02:58,680 - receiver - INFO - Received event report temperature request with a trace id of cdf24479-9088-11ec-b2bc-dcf505d89e2c
2022-02-17 23:02:59,075 - receiver - INFO - Returned event report fan speed response (Id: cce0f924-9088-11ec-b355-dcf505d89e2c) with status 201
2022-02-17 23:02:59,084 - receiver - INFO - Received event report temperature request with a trace id of ce2ffc23-9088-11ec-a25d-dcf505d89e2c
2022-02-17 23:02:59,405 - receiver - INFO - Returned event report temperature response (Id: cd12444a-9088-11ec-8c9e-dcf505d89e2c) with status 201
2022-02-17 23:02:59,411 - receiver - INFO - Received event report fan speed request with a trace id of ce61d4f7-9088-11ec-a966-dcf505d89e2c
2022-02-17 23:02:59,465 - receiver - INFO - Returned event report temperature response (Id: cd1ca6c9-9088-11ec-a105-dcf505d89e2c) with status 201
2022-02-17 23:02:59,472 - receiver - INFO - Received event report fan speed request with a trace id of ce6b2da8-9088-11ec-97dc-dcf505d89e2c
2022-02-17 23:02:59,681 - receiver - INFO - Returned event report temperature response (Id: cd3d5f18-9088-11ec-993e-dcf505d89e2c) with status 201
2022-02-17 23:02:59,685 - receiver - INFO - Received event report fan speed request with a trace id of ce8b9e4d-9088-11ec-830c-dcf505d89e2c
2022-02-17 23:02:59,713 - receiver - INFO - Returned event report temperature response (Id: cd43e9e1-9088-11ec-8bb4-dcf505d89e2c) with status 201
2022-02-17 23:02:59,717 - receiver - INFO - Received event report fan speed request with a trace id of ce908b66-9088-11ec-9e7f-dcf505d89e2c
2022-02-17 23:03:00,119 - receiver - INFO - Returned event report temperature response (Id: cd8244c6-9088-11ec-94bb-dcf505d89e2c) with status 201
2022-02-17 23:03:00,122 - receiver - INFO - Received event report fan speed request with a trace id of cece5d42-9088-11ec-a576-dcf505d89e2c
2022-02-17 23:03:00,255 - receiver - INFO - Returned event report temperature response (Id: cd95a570-9088-11ec-96a9-dcf505d89e2c) with status 201
2022-02-17 23:03:00,264 - receiver - INFO - Received event report fan speed request with a trace id of cee40802-9088-11ec-89aa-dcf505d89e2c
2022-02-17 23:03:00,474 - receiver - INFO - Returned event report temperature response (Id: cdb3b4e3-9088-11ec-8f0d-dcf505d89e2c) with status 201
2022-02-17 23:03:00,479 - receiver - INFO - Received event report fan speed request with a trace id of cf04adf4-9088-11ec-ab56-dcf505d89e2c
2022-02-17 23:03:00,692 - receiver - INFO - Returned event report temperature response (Id: cdd82e0c-9088-11ec-ad1b-dcf505d89e2c) with status 201
2022-02-17 23:03:00,696 - receiver - INFO - Received event report fan speed request with a trace id of cf25f1ab-9088-11ec-a1d6-dcf505d89e2c
2022-02-17 23:03:00,867 - receiver - INFO - Returned event report temperature response (Id: cdf24479-9088-11ec-b2bc-dcf505d89e2c) with status 201
2022-02-17 23:03:00,871 - receiver - INFO - Received event report fan speed request with a trace id of cf40953c-9088-11ec-875d-dcf505d89e2c
2022-02-17 23:03:01,330 - receiver - INFO - Returned event report temperature response (Id: ce2ffc23-9088-11ec-a25d-dcf505d89e2c) with status 201
2022-02-17 23:03:01,339 - receiver - INFO - Received event report fan speed request with a trace id of cf87db2a-9088-11ec-ba71-dcf505d89e2c
2022-02-17 23:03:01,601 - receiver - INFO - Returned event report fan speed response (Id: ce61d4f7-9088-11ec-a966-dcf505d89e2c) with status 201
2022-02-17 23:03:01,611 - receiver - INFO - Received event report temperature request with a trace id of cfb18ac8-9088-11ec-ae76-dcf505d89e2c
2022-02-17 23:03:01,639 - receiver - INFO - Returned event report fan speed response (Id: ce6b2da8-9088-11ec-97dc-dcf505d89e2c) with status 201
2022-02-17 23:03:01,646 - receiver - INFO - Received event report temperature request with a trace id of cfb6b8af-9088-11ec-b195-dcf505d89e2c
2022-02-17 23:03:01,878 - receiver - INFO - Returned event report fan speed response (Id: ce8b9e4d-9088-11ec-830c-dcf505d89e2c) with status 201
2022-02-17 23:03:01,886 - receiver - INFO - Received event report temperature request with a trace id of cfdb7dee-9088-11ec-ad2c-dcf505d89e2c
2022-02-17 23:03:01,919 - receiver - INFO - Returned event report fan speed response (Id: ce908b66-9088-11ec-9e7f-dcf505d89e2c) with status 201
2022-02-17 23:03:01,923 - receiver - INFO - Received event report temperature request with a trace id of cfe12361-9088-11ec-8e92-dcf505d89e2c
2022-02-17 23:03:02,327 - receiver - INFO - Returned event report fan speed response (Id: cece5d42-9088-11ec-a576-dcf505d89e2c) with status 201
2022-02-17 23:03:02,330 - receiver - INFO - Received event report temperature request with a trace id of d01f3654-9088-11ec-b4b4-dcf505d89e2c
2022-02-17 23:03:02,453 - receiver - INFO - Returned event report fan speed response (Id: cee40802-9088-11ec-89aa-dcf505d89e2c) with status 201
2022-02-17 23:03:02,467 - receiver - INFO - Received event report temperature request with a trace id of d0341c9b-9088-11ec-8089-dcf505d89e2c
2022-02-17 23:03:02,658 - receiver - INFO - Returned event report fan speed response (Id: cf04adf4-9088-11ec-ab56-dcf505d89e2c) with status 201
2022-02-17 23:03:02,683 - receiver - INFO - Received event report temperature request with a trace id of d053ce74-9088-11ec-87c5-dcf505d89e2c
2022-02-17 23:03:02,891 - receiver - INFO - Returned event report fan speed response (Id: cf25f1ab-9088-11ec-a1d6-dcf505d89e2c) with status 201
2022-02-17 23:03:02,908 - receiver - INFO - Received event report temperature request with a trace id of d0778720-9088-11ec-b0bf-dcf505d89e2c
2022-02-17 23:03:03,061 - receiver - INFO - Returned event report fan speed response (Id: cf40953c-9088-11ec-875d-dcf505d89e2c) with status 201
2022-02-17 23:03:03,070 - receiver - INFO - Received event report temperature request with a trace id of d0901c24-9088-11ec-a098-dcf505d89e2c
2022-02-17 23:03:03,528 - receiver - INFO - Returned event report fan speed response (Id: cf87db2a-9088-11ec-ba71-dcf505d89e2c) with status 201
2022-02-17 23:03:03,541 - receiver - INFO - Received event report temperature request with a trace id of d0d80781-9088-11ec-af7b-dcf505d89e2c
2022-02-17 23:03:03,792 - receiver - INFO - Returned event report temperature response (Id: cfb18ac8-9088-11ec-ae76-dcf505d89e2c) with status 201
2022-02-17 23:03:03,800 - receiver - INFO - Received event report fan speed request with a trace id of d0ff835e-9088-11ec-8f85-dcf505d89e2c
2022-02-17 23:03:03,829 - receiver - INFO - Returned event report temperature response (Id: cfb6b8af-9088-11ec-b195-dcf505d89e2c) with status 201
2022-02-17 23:03:03,833 - receiver - INFO - Received event report fan speed request with a trace id of d1048c84-9088-11ec-ace4-dcf505d89e2c
2022-02-17 23:03:04,083 - receiver - INFO - Returned event report temperature response (Id: cfdb7dee-9088-11ec-ad2c-dcf505d89e2c) with status 201
2022-02-17 23:03:04,092 - receiver - INFO - Returned event report temperature response (Id: cfe12361-9088-11ec-8e92-dcf505d89e2c) with status 201
2022-02-17 23:03:04,094 - receiver - INFO - Received event report fan speed request with a trace id of d12c5fcd-9088-11ec-9415-dcf505d89e2c
2022-02-17 23:03:04,103 - receiver - INFO - Received event report fan speed request with a trace id of d12dc0af-9088-11ec-90bc-dcf505d89e2c
2022-02-17 23:03:04,497 - receiver - INFO - Returned event report temperature response (Id: d01f3654-9088-11ec-b4b4-dcf505d89e2c) with status 201
2022-02-17 23:03:04,499 - receiver - INFO - Received event report fan speed request with a trace id of d16a421d-9088-11ec-9602-dcf505d89e2c
2022-02-17 23:03:04,643 - receiver - INFO - Returned event report temperature response (Id: d0341c9b-9088-11ec-8089-dcf505d89e2c) with status 201
2022-02-17 23:03:04,653 - receiver - INFO - Received event report fan speed request with a trace id of d181b414-9088-11ec-9433-dcf505d89e2c
2022-02-17 23:03:04,850 - receiver - INFO - Returned event report temperature response (Id: d053ce74-9088-11ec-87c5-dcf505d89e2c) with status 201
2022-02-17 23:03:04,861 - receiver - INFO - Received event report fan speed request with a trace id of d1a16e93-9088-11ec-9223-dcf505d89e2c
2022-02-17 23:03:05,134 - receiver - INFO - Returned event report temperature response (Id: d0778720-9088-11ec-b0bf-dcf505d89e2c) with status 201
2022-02-17 23:03:05,141 - receiver - INFO - Received event report fan speed request with a trace id of d1cc2080-9088-11ec-ba11-dcf505d89e2c
2022-02-17 23:03:05,264 - receiver - INFO - Returned event report temperature response (Id: d0901c24-9088-11ec-a098-dcf505d89e2c) with status 201
2022-02-17 23:03:05,271 - receiver - INFO - Received event report fan speed request with a trace id of d1e00ceb-9088-11ec-84fb-dcf505d89e2c
2022-02-17 23:03:05,712 - receiver - INFO - Returned event report temperature response (Id: d0d80781-9088-11ec-af7b-dcf505d89e2c) with status 201
2022-02-17 23:03:05,720 - receiver - INFO - Received event report fan speed request with a trace id of d2248d04-9088-11ec-aa3e-dcf505d89e2c
2022-02-17 23:03:05,991 - receiver - INFO - Returned event report fan speed response (Id: d0ff835e-9088-11ec-8f85-dcf505d89e2c) with status 201
2022-02-17 23:03:05,999 - receiver - INFO - Received event report temperature request with a trace id of d24f1f9d-9088-11ec-8b79-dcf505d89e2c
2022-02-17 23:03:06,019 - receiver - INFO - Returned event report fan speed response (Id: d1048c84-9088-11ec-ace4-dcf505d89e2c) with status 201
2022-02-17 23:03:06,022 - receiver - INFO - Received event report temperature request with a trace id of d252a1ff-9088-11ec-9311-dcf505d89e2c
2022-02-17 23:03:06,291 - receiver - INFO - Returned event report fan speed response (Id: d12dc0af-9088-11ec-90bc-dcf505d89e2c) with status 201
2022-02-17 23:03:06,295 - receiver - INFO - Returned event report fan speed response (Id: d12c5fcd-9088-11ec-9415-dcf505d89e2c) with status 201
2022-02-17 23:03:06,302 - receiver - INFO - Received event report temperature request with a trace id of d27d5baa-9088-11ec-956e-dcf505d89e2c
2022-02-17 23:03:06,308 - receiver - INFO - Received event report temperature request with a trace id of d27e45ce-9088-11ec-8099-dcf505d89e2c
2022-02-17 23:03:06,694 - receiver - INFO - Returned event report fan speed response (Id: d16a421d-9088-11ec-9602-dcf505d89e2c) with status 201
2022-02-17 23:03:06,705 - receiver - INFO - Received event report temperature request with a trace id of d2bae4f0-9088-11ec-8786-dcf505d89e2c
2022-02-17 23:03:06,859 - receiver - INFO - Returned event report fan speed response (Id: d181b414-9088-11ec-9433-dcf505d89e2c) with status 201
2022-02-17 23:03:06,872 - receiver - INFO - Received event report temperature request with a trace id of d2d45044-9088-11ec-be7e-dcf505d89e2c
2022-02-17 23:03:07,047 - receiver - INFO - Returned event report fan speed response (Id: d1a16e93-9088-11ec-9223-dcf505d89e2c) with status 201
2022-02-17 23:03:07,055 - receiver - INFO - Received event report temperature request with a trace id of d2f04580-9088-11ec-9378-dcf505d89e2c
2022-02-17 23:03:07,317 - receiver - INFO - Returned event report fan speed response (Id: d1cc2080-9088-11ec-ba11-dcf505d89e2c) with status 201
2022-02-17 23:03:07,324 - receiver - INFO - Received event report temperature request with a trace id of d3195d47-9088-11ec-a2bc-dcf505d89e2c
2022-02-17 23:03:07,454 - receiver - INFO - Returned event report fan speed response (Id: d1e00ceb-9088-11ec-84fb-dcf505d89e2c) with status 201
2022-02-17 23:03:07,467 - receiver - INFO - Received event report temperature request with a trace id of d32f245c-9088-11ec-8e2d-dcf505d89e2c
2022-02-17 23:03:07,916 - receiver - INFO - Returned event report fan speed response (Id: d2248d04-9088-11ec-aa3e-dcf505d89e2c) with status 201
2022-02-17 23:03:07,929 - receiver - INFO - Received event report temperature request with a trace id of d375a308-9088-11ec-ab33-dcf505d89e2c
2022-02-17 23:03:08,175 - receiver - INFO - Returned event report temperature response (Id: d24f1f9d-9088-11ec-8b79-dcf505d89e2c) with status 201
2022-02-17 23:03:08,179 - receiver - INFO - Received event report fan speed request with a trace id of d39bbce9-9088-11ec-b930-dcf505d89e2c
2022-02-17 23:03:08,196 - receiver - INFO - Returned event report temperature response (Id: d252a1ff-9088-11ec-9311-dcf505d89e2c) with status 201
2022-02-17 23:03:08,200 - receiver - INFO - Received event report fan speed request with a trace id of d39ef145-9088-11ec-870f-dcf505d89e2c
2022-02-17 23:03:08,481 - receiver - INFO - Returned event report temperature response (Id: d27d5baa-9088-11ec-956e-dcf505d89e2c) with status 201
2022-02-17 23:03:08,500 - receiver - INFO - Returned event report temperature response (Id: d27e45ce-9088-11ec-8099-dcf505d89e2c) with status 201
2022-02-17 23:03:08,503 - receiver - INFO - Received event report fan speed request with a trace id of d3cd066a-9088-11ec-b052-dcf505d89e2c
2022-02-17 23:03:08,515 - receiver - INFO - Received event report fan speed request with a trace id of d3cedb0e-9088-11ec-b17a-dcf505d89e2c
2022-02-17 23:03:08,876 - receiver - INFO - Returned event report temperature response (Id: d2bae4f0-9088-11ec-8786-dcf505d89e2c) with status 201
2022-02-17 23:03:08,885 - receiver - INFO - Received event report fan speed request with a trace id of d407770c-9088-11ec-b2ec-dcf505d89e2c
2022-02-17 23:03:09,062 - receiver - INFO - Returned event report temperature response (Id: d2d45044-9088-11ec-be7e-dcf505d89e2c) with status 201
2022-02-17 23:03:09,067 - receiver - INFO - Received event report fan speed request with a trace id of d4233b99-9088-11ec-9046-dcf505d89e2c
2022-02-17 23:03:09,241 - receiver - INFO - Returned event report temperature response (Id: d2f04580-9088-11ec-9378-dcf505d89e2c) with status 201
2022-02-17 23:03:09,243 - receiver - INFO - Received event report fan speed request with a trace id of d43e1675-9088-11ec-84db-dcf505d89e2c
2022-02-17 23:03:09,482 - receiver - INFO - Returned event report temperature response (Id: d3195d47-9088-11ec-a2bc-dcf505d89e2c) with status 201
2022-02-17 23:03:09,485 - receiver - INFO - Received event report fan speed request with a trace id of d4631888-9088-11ec-9cc6-dcf505d89e2c
2022-02-17 23:03:09,661 - receiver - INFO - Returned event report temperature response (Id: d32f245c-9088-11ec-8e2d-dcf505d89e2c) with status 201
2022-02-17 23:03:09,672 - receiver - INFO - Received event report fan speed request with a trace id of d47f8310-9088-11ec-9393-dcf505d89e2c
2022-02-17 23:03:10,102 - receiver - INFO - Returned event report temperature response (Id: d375a308-9088-11ec-ab33-dcf505d89e2c) with status 201
2022-02-17 23:03:10,111 - receiver - INFO - Received event report fan speed request with a trace id of d4c27ec7-9088-11ec-94d7-dcf505d89e2c
2022-02-17 23:03:10,357 - receiver - INFO - Returned event report fan speed response (Id: d39bbce9-9088-11ec-b930-dcf505d89e2c) with status 201
2022-02-17 23:03:10,367 - receiver - INFO - Returned event report fan speed response (Id: d39ef145-9088-11ec-870f-dcf505d89e2c) with status 201
2022-02-17 23:03:10,678 - receiver - INFO - Returned event report fan speed response (Id: d3cd066a-9088-11ec-b052-dcf505d89e2c) with status 201
2022-02-17 23:03:10,689 - receiver - INFO - Returned event report fan speed response (Id: d3cedb0e-9088-11ec-b17a-dcf505d89e2c) with status 201
2022-02-17 23:03:11,107 - receiver - INFO - Returned event report fan speed response (Id: d407770c-9088-11ec-b2ec-dcf505d89e2c) with status 201
2022-02-17 23:03:11,529 - receiver - INFO - Returned event report fan speed response (Id: d4233b99-9088-11ec-9046-dcf505d89e2c) with status 201
2022-02-17 23:03:11,540 - receiver - INFO - Returned event report fan speed response (Id: d43e1675-9088-11ec-84db-dcf505d89e2c) with status 201
2022-02-17 23:03:11,926 - receiver - INFO - Returned event report fan speed response (Id: d4631888-9088-11ec-9cc6-dcf505d89e2c) with status 201
2022-02-17 23:03:12,035 - receiver - INFO - Returned event report fan speed response (Id: d47f8310-9088-11ec-9393-dcf505d89e2c) with status 201
2022-02-17 23:03:12,458 - receiver - INFO - Returned event report fan speed response (Id: d4c27ec7-9088-11ec-94d7-dcf505d89e2c) with status 201
