2022-02-03 15:21:22,975 - storage - DEBUG - Stored event fan speed request with a trace id of ff042817-8547-11ec-b3e4-b42e99a07450
2022-02-03 15:23:48,384 - storage - DEBUG - Stored event temperature request with a trace id of 55affda6-8548-11ec-ae96-b42e99a07450
2022-02-03 15:23:50,427 - storage - DEBUG - Stored event fan speed request with a trace id of 56e99870-8548-11ec-9f67-b42e99a07450
2022-02-03 15:24:06,855 - storage - DEBUG - Stored event temperature request with a trace id of 60b19ff3-8548-11ec-836d-b42e99a07450
2022-02-03 15:24:07,841 - storage - DEBUG - Stored event temperature request with a trace id of 614a6cb7-8548-11ec-b20c-b42e99a07450
2022-02-03 15:24:08,843 - storage - DEBUG - Stored event temperature request with a trace id of 61e2d248-8548-11ec-ab32-b42e99a07450
2022-02-03 15:24:08,904 - storage - DEBUG - Stored event fan speed request with a trace id of 61eb5d9e-8548-11ec-9fb8-b42e99a07450
2022-02-03 15:24:09,842 - storage - DEBUG - Stored event temperature request with a trace id of 627b209d-8548-11ec-8690-b42e99a07450
2022-02-03 15:24:09,888 - storage - DEBUG - Stored event fan speed request with a trace id of 6281b1ff-8548-11ec-9851-b42e99a07450
2022-02-03 15:24:10,844 - storage - DEBUG - Stored event temperature request with a trace id of 6313e9ac-8548-11ec-a62d-b42e99a07450
2022-02-03 15:24:10,890 - storage - DEBUG - Stored event fan speed request with a trace id of 631a8dd9-8548-11ec-a991-b42e99a07450
2022-02-03 15:24:10,952 - storage - DEBUG - Stored event temperature request with a trace id of 6323c51b-8548-11ec-b81c-b42e99a07450
2022-02-03 15:24:11,846 - storage - DEBUG - Stored event temperature request with a trace id of 63ac5066-8548-11ec-8e41-b42e99a07450
2022-02-03 15:24:11,892 - storage - DEBUG - Stored event fan speed request with a trace id of 63b300cc-8548-11ec-8d52-b42e99a07450
2022-02-03 15:24:11,938 - storage - DEBUG - Stored event temperature request with a trace id of 63ba1f46-8548-11ec-a73b-b42e99a07450
2022-02-03 15:24:12,846 - storage - DEBUG - Stored event temperature request with a trace id of 6445325b-8548-11ec-8cc7-b42e99a07450
2022-02-03 15:24:12,892 - storage - DEBUG - Stored event fan speed request with a trace id of 644bdd22-8548-11ec-9ac3-b42e99a07450
2022-02-03 15:24:12,922 - storage - DEBUG - Stored event temperature request with a trace id of 6452e365-8548-11ec-90b1-b42e99a07450
2022-02-03 15:24:12,984 - storage - DEBUG - Stored event fan speed request with a trace id of 645c4c15-8548-11ec-8ce4-b42e99a07450
2022-02-03 15:24:13,847 - storage - DEBUG - Stored event temperature request with a trace id of 64ddc132-8548-11ec-8fb0-b42e99a07450
2022-02-03 15:24:13,894 - storage - DEBUG - Stored event fan speed request with a trace id of 64e4b1f9-8548-11ec-9008-b42e99a07450
2022-02-03 15:24:13,940 - storage - DEBUG - Stored event temperature request with a trace id of 64ebdc7a-8548-11ec-9242-b42e99a07450
2022-02-03 15:24:13,986 - storage - DEBUG - Stored event fan speed request with a trace id of 64f2cf22-8548-11ec-a710-b42e99a07450
2022-02-03 15:24:14,846 - storage - DEBUG - Stored event temperature request with a trace id of 65762b93-8548-11ec-afb7-b42e99a07450
2022-02-03 15:24:14,892 - storage - DEBUG - Stored event fan speed request with a trace id of 657d63a6-8548-11ec-8c24-b42e99a07450
2022-02-03 15:24:14,938 - storage - DEBUG - Stored event temperature request with a trace id of 6584650d-8548-11ec-8b46-b42e99a07450
2022-02-03 15:24:14,969 - storage - DEBUG - Stored event fan speed request with a trace id of 658929ab-8548-11ec-9582-b42e99a07450
2022-02-03 15:24:15,031 - storage - DEBUG - Stored event temperature request with a trace id of 6592777a-8548-11ec-8cd4-b42e99a07450
2022-02-03 15:24:15,846 - storage - DEBUG - Stored event temperature request with a trace id of 660ed85e-8548-11ec-a774-b42e99a07450
2022-02-03 15:24:15,892 - storage - DEBUG - Stored event fan speed request with a trace id of 6616240a-8548-11ec-84cb-b42e99a07450
2022-02-03 15:24:15,938 - storage - DEBUG - Stored event temperature request with a trace id of 661d4c6a-8548-11ec-9bce-b42e99a07450
2022-02-03 15:24:15,984 - storage - DEBUG - Stored event fan speed request with a trace id of 66245a3d-8548-11ec-b2a9-b42e99a07450
2022-02-03 15:24:16,030 - storage - DEBUG - Stored event temperature request with a trace id of 662b5e53-8548-11ec-bd3b-b42e99a07450
2022-02-03 15:24:16,893 - storage - DEBUG - Stored event fan speed request with a trace id of 66ae84ab-8548-11ec-8601-b42e99a07450
2022-02-03 15:24:16,939 - storage - DEBUG - Stored event temperature request with a trace id of 66b58fff-8548-11ec-a0b1-b42e99a07450
2022-02-03 15:24:16,984 - storage - DEBUG - Stored event fan speed request with a trace id of 66bc858d-8548-11ec-bccd-b42e99a07450
2022-02-03 15:24:17,015 - storage - DEBUG - Stored event temperature request with a trace id of 66c15eec-8548-11ec-8327-b42e99a07450
2022-02-03 15:24:17,077 - storage - DEBUG - Stored event fan speed request with a trace id of 66caa9e1-8548-11ec-993c-b42e99a07450
2022-02-03 15:24:17,891 - storage - DEBUG - Stored event fan speed request with a trace id of 67471aa0-8548-11ec-9db1-b42e99a07450
2022-02-03 15:24:17,937 - storage - DEBUG - Stored event temperature request with a trace id of 674e1708-8548-11ec-a73e-b42e99a07450
2022-02-03 15:24:17,991 - storage - DEBUG - Stored event fan speed request with a trace id of 67553567-8548-11ec-bac0-b42e99a07450
2022-02-03 15:24:18,031 - storage - DEBUG - Stored event temperature request with a trace id of 675c2eeb-8548-11ec-aa85-b42e99a07450
2022-02-03 15:24:18,077 - storage - DEBUG - Stored event fan speed request with a trace id of 676334ba-8548-11ec-9276-b42e99a07450
2022-02-03 15:24:18,940 - storage - DEBUG - Stored event temperature request with a trace id of 67e6e03d-8548-11ec-8f27-b42e99a07450
2022-02-03 15:24:18,985 - storage - DEBUG - Stored event fan speed request with a trace id of 67edbcff-8548-11ec-9967-b42e99a07450
2022-02-03 15:24:19,033 - storage - DEBUG - Stored event temperature request with a trace id of 67f4f73a-8548-11ec-a523-b42e99a07450
2022-02-03 15:24:19,063 - storage - DEBUG - Stored event fan speed request with a trace id of 67f98ac5-8548-11ec-a31d-b42e99a07450
2022-02-03 15:24:19,124 - storage - DEBUG - Stored event temperature request with a trace id of 6802e05b-8548-11ec-9e65-b42e99a07450
2022-02-03 15:24:19,941 - storage - DEBUG - Stored event temperature request with a trace id of 687f42e1-8548-11ec-9a98-b42e99a07450
2022-02-03 15:24:19,987 - storage - DEBUG - Stored event fan speed request with a trace id of 68865dea-8548-11ec-bd4d-b42e99a07450
2022-02-03 15:24:20,033 - storage - DEBUG - Stored event temperature request with a trace id of 688e9b2f-8548-11ec-8553-b42e99a07450
2022-02-03 15:24:20,081 - storage - DEBUG - Stored event fan speed request with a trace id of 68948e9e-8548-11ec-b282-b42e99a07450
2022-02-03 15:24:20,125 - storage - DEBUG - Stored event temperature request with a trace id of 689b7feb-8548-11ec-9aa5-b42e99a07450
2022-02-03 15:24:20,988 - storage - DEBUG - Stored event fan speed request with a trace id of 691f313c-8548-11ec-88f3-b42e99a07450
2022-02-03 15:24:21,034 - storage - DEBUG - Stored event temperature request with a trace id of 69262b95-8548-11ec-bb08-b42e99a07450
2022-02-03 15:24:21,080 - storage - DEBUG - Stored event fan speed request with a trace id of 692d60f9-8548-11ec-bfd3-b42e99a07450
2022-02-03 15:24:21,111 - storage - DEBUG - Stored event temperature request with a trace id of 6931feaa-8548-11ec-9f9e-b42e99a07450
2022-02-03 15:24:21,173 - storage - DEBUG - Stored event fan speed request with a trace id of 693b4b07-8548-11ec-90f8-b42e99a07450
2022-02-03 15:24:21,989 - storage - DEBUG - Stored event fan speed request with a trace id of 69b7e6e8-8548-11ec-809c-b42e99a07450
2022-02-03 15:24:22,035 - storage - DEBUG - Stored event temperature request with a trace id of 69bf0038-8548-11ec-9e9e-b42e99a07450
2022-02-03 15:24:22,081 - storage - DEBUG - Stored event fan speed request with a trace id of 69c5fe8d-8548-11ec-95cb-b42e99a07450
2022-02-03 15:24:22,128 - storage - DEBUG - Stored event temperature request with a trace id of 69cd3c20-8548-11ec-aa98-b42e99a07450
2022-02-03 15:24:22,173 - storage - DEBUG - Stored event fan speed request with a trace id of 69d41584-8548-11ec-8ec8-b42e99a07450
2022-02-03 15:24:23,035 - storage - DEBUG - Stored event temperature request with a trace id of 6a57bfae-8548-11ec-936e-b42e99a07450
2022-02-03 15:24:23,082 - storage - DEBUG - Stored event fan speed request with a trace id of 6a5ee141-8548-11ec-b135-b42e99a07450
2022-02-03 15:24:23,129 - storage - DEBUG - Stored event temperature request with a trace id of 6a65ce0d-8548-11ec-8c94-b42e99a07450
2022-02-03 15:24:23,159 - storage - DEBUG - Stored event fan speed request with a trace id of 6a6a6ebb-8548-11ec-aeb0-b42e99a07450
2022-02-03 15:24:23,221 - storage - DEBUG - Stored event temperature request with a trace id of 6a73f11f-8548-11ec-b14a-b42e99a07450
2022-02-03 15:24:24,036 - storage - DEBUG - Stored event temperature request with a trace id of 6af07cbe-8548-11ec-b33c-b42e99a07450
2022-02-03 15:24:24,082 - storage - DEBUG - Stored event fan speed request with a trace id of 6af77577-8548-11ec-a88b-b42e99a07450
2022-02-03 15:24:24,129 - storage - DEBUG - Stored event temperature request with a trace id of 6afe8063-8548-11ec-9d98-b42e99a07450
2022-02-03 15:24:24,159 - storage - DEBUG - Stored event fan speed request with a trace id of 6b05b34b-8548-11ec-96c2-b42e99a07450
2022-02-03 15:24:24,221 - storage - DEBUG - Stored event temperature request with a trace id of 6b0ca90c-8548-11ec-b289-b42e99a07450
2022-02-03 15:24:25,082 - storage - DEBUG - Stored event fan speed request with a trace id of 6b901df3-8548-11ec-870f-b42e99a07450
2022-02-03 15:24:25,128 - storage - DEBUG - Stored event temperature request with a trace id of 6b9768e1-8548-11ec-b824-b42e99a07450
2022-02-03 15:24:25,174 - storage - DEBUG - Stored event fan speed request with a trace id of 6b9e6ab0-8548-11ec-ab14-b42e99a07450
2022-02-03 15:24:25,204 - storage - DEBUG - Stored event temperature request with a trace id of 6ba30935-8548-11ec-8c8b-b42e99a07450
2022-02-03 15:24:25,266 - storage - DEBUG - Stored event fan speed request with a trace id of 6bac60aa-8548-11ec-a7ea-b42e99a07450
2022-02-03 15:24:26,081 - storage - DEBUG - Stored event fan speed request with a trace id of 6c28d0d6-8548-11ec-ae70-b42e99a07450
2022-02-03 15:24:26,127 - storage - DEBUG - Stored event temperature request with a trace id of 6c2fda2f-8548-11ec-8258-b42e99a07450
2022-02-03 15:24:26,173 - storage - DEBUG - Stored event fan speed request with a trace id of 6c36de69-8548-11ec-8c52-b42e99a07450
2022-02-03 15:24:26,204 - storage - DEBUG - Stored event temperature request with a trace id of 6c3b9e2a-8548-11ec-bf43-b42e99a07450
2022-02-03 15:24:26,266 - storage - DEBUG - Stored event fan speed request with a trace id of 6c44f3a6-8548-11ec-a1d7-b42e99a07450
2022-02-03 15:24:27,128 - storage - DEBUG - Stored event temperature request with a trace id of 6cc86dfd-8548-11ec-963b-b42e99a07450
2022-02-03 15:24:27,173 - storage - DEBUG - Stored event fan speed request with a trace id of 6ccf5b56-8548-11ec-b38e-b42e99a07450
2022-02-03 15:24:27,220 - storage - DEBUG - Stored event temperature request with a trace id of 6cd6773f-8548-11ec-919e-b42e99a07450
2022-02-03 15:24:27,252 - storage - DEBUG - Stored event fan speed request with a trace id of 6cdb174a-8548-11ec-bff1-b42e99a07450
2022-02-03 15:24:27,314 - storage - DEBUG - Stored event temperature request with a trace id of 6ce48549-8548-11ec-a88d-b42e99a07450
2022-02-03 15:24:28,133 - storage - DEBUG - Stored event temperature request with a trace id of 6d60e406-8548-11ec-b89f-b42e99a07450
2022-02-03 15:24:28,179 - storage - DEBUG - Stored event fan speed request with a trace id of 6d67ea19-8548-11ec-8719-b42e99a07450
2022-02-03 15:24:28,225 - storage - DEBUG - Stored event temperature request with a trace id of 6d6ef9dc-8548-11ec-aeea-b42e99a07450
2022-02-03 15:24:28,256 - storage - DEBUG - Stored event fan speed request with a trace id of 6d739768-8548-11ec-b41e-b42e99a07450
2022-02-03 15:24:28,318 - storage - DEBUG - Stored event temperature request with a trace id of 6d7d0344-8548-11ec-b569-b42e99a07450
2022-02-03 15:24:29,168 - storage - DEBUG - Stored event fan speed request with a trace id of 6e008ca7-8548-11ec-b77b-b42e99a07450
2022-02-03 15:24:29,214 - storage - DEBUG - Stored event temperature request with a trace id of 6e07a4d9-8548-11ec-8f73-b42e99a07450
2022-02-03 15:24:29,259 - storage - DEBUG - Stored event fan speed request with a trace id of 6e0eaccb-8548-11ec-b22e-b42e99a07450
2022-02-03 15:24:29,290 - storage - DEBUG - Stored event temperature request with a trace id of 6e138ecd-8548-11ec-9f59-b42e99a07450
2022-02-03 15:24:29,351 - storage - DEBUG - Stored event fan speed request with a trace id of 6e1cf134-8548-11ec-b212-b42e99a07450
2022-02-03 15:24:30,168 - storage - DEBUG - Stored event fan speed request with a trace id of 6e99ec22-8548-11ec-b3e2-b42e99a07450
2022-02-03 15:24:30,214 - storage - DEBUG - Stored event temperature request with a trace id of 6ea10e9f-8548-11ec-bd2a-b42e99a07450
2022-02-03 15:24:30,276 - storage - DEBUG - Stored event fan speed request with a trace id of 6ea81d80-8548-11ec-b6ee-b42e99a07450
2022-02-03 15:24:30,307 - storage - DEBUG - Stored event temperature request with a trace id of 6eacc4ed-8548-11ec-904e-b42e99a07450
2022-02-03 15:24:30,368 - storage - DEBUG - Stored event fan speed request with a trace id of 6eb63bf8-8548-11ec-976c-b42e99a07450
2022-02-03 15:24:31,215 - storage - DEBUG - Stored event temperature request with a trace id of 6f37de2f-8548-11ec-887b-b42e99a07450
2022-02-03 15:24:31,261 - storage - DEBUG - Stored event fan speed request with a trace id of 6f3ed471-8548-11ec-a866-b42e99a07450
2022-02-03 15:24:31,307 - storage - DEBUG - Stored event temperature request with a trace id of 6f45b5df-8548-11ec-980a-b42e99a07450
2022-02-03 15:24:31,338 - storage - DEBUG - Stored event fan speed request with a trace id of 6f4a7add-8548-11ec-bd5e-b42e99a07450
2022-02-03 15:24:31,399 - storage - DEBUG - Stored event temperature request with a trace id of 6f53d374-8548-11ec-82a9-b42e99a07450
2022-02-03 15:24:32,217 - storage - DEBUG - Stored event temperature request with a trace id of 6fd0769f-8548-11ec-addd-b42e99a07450
2022-02-03 15:24:32,263 - storage - DEBUG - Stored event fan speed request with a trace id of 6fd77a88-8548-11ec-8fdd-b42e99a07450
2022-02-03 15:24:32,325 - storage - DEBUG - Stored event temperature request with a trace id of 6fe0ef6c-8548-11ec-b332-b42e99a07450
2022-02-03 15:24:32,355 - storage - DEBUG - Stored event fan speed request with a trace id of 6fe5ab23-8548-11ec-b4ab-b42e99a07450
2022-02-03 15:24:32,417 - storage - DEBUG - Stored event temperature request with a trace id of 6fef08ee-8548-11ec-a8cc-b42e99a07450
2022-02-03 15:24:33,246 - storage - DEBUG - Stored event fan speed request with a trace id of 7070433c-8548-11ec-848e-b42e99a07450
2022-02-03 15:24:33,307 - storage - DEBUG - Stored event temperature request with a trace id of 70774fff-8548-11ec-b28e-b42e99a07450
2022-02-03 15:24:33,354 - storage - DEBUG - Stored event fan speed request with a trace id of 707e51c5-8548-11ec-ad4d-b42e99a07450
2022-02-03 15:24:33,384 - storage - DEBUG - Stored event temperature request with a trace id of 708301ce-8548-11ec-9f98-b42e99a07450
2022-02-03 15:24:33,445 - storage - DEBUG - Stored event fan speed request with a trace id of 708c5dc3-8548-11ec-8531-b42e99a07450
2022-02-03 15:24:34,263 - storage - DEBUG - Stored event fan speed request with a trace id of 710929a3-8548-11ec-b080-b42e99a07450
2022-02-03 15:24:34,309 - storage - DEBUG - Stored event temperature request with a trace id of 7110204e-8548-11ec-a9d8-b42e99a07450
2022-02-03 15:24:34,371 - storage - DEBUG - Stored event fan speed request with a trace id of 71198ae8-8548-11ec-9018-b42e99a07450
2022-02-03 15:24:34,402 - storage - DEBUG - Stored event temperature request with a trace id of 711e529b-8548-11ec-ba8c-b42e99a07450
2022-02-03 15:24:34,464 - storage - DEBUG - Stored event fan speed request with a trace id of 7127ae6d-8548-11ec-81bf-b42e99a07450
2022-02-03 15:24:35,296 - storage - DEBUG - Stored event temperature request with a trace id of 71a62c49-8548-11ec-be6c-b42e99a07450
2022-02-03 15:24:35,357 - storage - DEBUG - Stored event fan speed request with a trace id of 71af80ee-8548-11ec-9e05-b42e99a07450
2022-02-03 15:24:35,403 - storage - DEBUG - Stored event temperature request with a trace id of 71b68e27-8548-11ec-be50-b42e99a07450
2022-02-03 15:24:35,434 - storage - DEBUG - Stored event fan speed request with a trace id of 71bb3b81-8548-11ec-9611-b42e99a07450
2022-02-03 15:24:35,480 - storage - DEBUG - Stored event temperature request with a trace id of 71c487d7-8548-11ec-9ef3-b42e99a07450
2022-02-03 15:24:36,309 - storage - DEBUG - Stored event temperature request with a trace id of 72419b3d-8548-11ec-ba1e-b42e99a07450
2022-02-03 15:24:36,355 - storage - DEBUG - Stored event fan speed request with a trace id of 72487904-8548-11ec-bbef-b42e99a07450
2022-02-03 15:24:36,418 - storage - DEBUG - Stored event temperature request with a trace id of 7251db60-8548-11ec-a463-b42e99a07450
2022-02-03 15:24:36,447 - storage - DEBUG - Stored event fan speed request with a trace id of 725682ca-8548-11ec-a269-b42e99a07450
2022-02-03 15:24:36,509 - storage - DEBUG - Stored event temperature request with a trace id of 72600057-8548-11ec-ab89-b42e99a07450
2022-02-03 15:24:37,339 - storage - DEBUG - Stored event fan speed request with a trace id of 72def4de-8548-11ec-b80e-b42e99a07450
2022-02-03 15:24:37,401 - storage - DEBUG - Stored event temperature request with a trace id of 72e82e02-8548-11ec-9e8c-b42e99a07450
2022-02-03 15:24:37,447 - storage - DEBUG - Stored event fan speed request with a trace id of 72ef3924-8548-11ec-ac2a-b42e99a07450
2022-02-03 15:24:37,478 - storage - DEBUG - Stored event temperature request with a trace id of 72f3fb15-8548-11ec-8887-b42e99a07450
2022-02-03 15:24:37,525 - storage - DEBUG - Stored event fan speed request with a trace id of 72fb0373-8548-11ec-95db-b42e99a07450
2022-02-03 15:24:38,355 - storage - DEBUG - Stored event fan speed request with a trace id of 73799a94-8548-11ec-adb9-b42e99a07450
2022-02-03 15:24:38,401 - storage - DEBUG - Stored event temperature request with a trace id of 7380881f-8548-11ec-83b5-b42e99a07450
2022-02-03 15:24:38,462 - storage - DEBUG - Stored event fan speed request with a trace id of 738a31e2-8548-11ec-95c5-b42e99a07450
2022-02-03 15:24:38,493 - storage - DEBUG - Stored event temperature request with a trace id of 738e96a6-8548-11ec-865a-b42e99a07450
2022-02-03 15:24:38,555 - storage - DEBUG - Stored event fan speed request with a trace id of 73980ea6-8548-11ec-9280-b42e99a07450
2022-02-03 15:24:39,387 - storage - DEBUG - Stored event temperature request with a trace id of 7416bb03-8548-11ec-8389-b42e99a07450
2022-02-03 15:24:39,448 - storage - DEBUG - Stored event fan speed request with a trace id of 74202f5d-8548-11ec-bde0-b42e99a07450
2022-02-03 15:24:39,494 - storage - DEBUG - Stored event temperature request with a trace id of 74272d19-8548-11ec-9ca1-b42e99a07450
2022-02-03 15:24:39,525 - storage - DEBUG - Stored event fan speed request with a trace id of 742be85a-8548-11ec-97c5-b42e99a07450
2022-02-03 15:24:39,572 - storage - DEBUG - Stored event temperature request with a trace id of 74331104-8548-11ec-a959-b42e99a07450
2022-02-03 15:24:40,405 - storage - DEBUG - Stored event temperature request with a trace id of 74b1b12b-8548-11ec-8ca2-b42e99a07450
2022-02-03 15:24:40,452 - storage - DEBUG - Stored event fan speed request with a trace id of 74b8c8ef-8548-11ec-86ae-b42e99a07450
2022-02-03 15:24:40,513 - storage - DEBUG - Stored event temperature request with a trace id of 74c209f9-8548-11ec-9bae-b42e99a07450
2022-02-03 15:24:40,544 - storage - DEBUG - Stored event fan speed request with a trace id of 74c6c96b-8548-11ec-a53d-b42e99a07450
2022-02-03 15:24:40,606 - storage - DEBUG - Stored event temperature request with a trace id of 74d03039-8548-11ec-a40e-b42e99a07450
2022-02-03 15:24:41,442 - storage - DEBUG - Stored event fan speed request with a trace id of 754f077f-8548-11ec-a6e2-b42e99a07450
2022-02-03 15:24:41,488 - storage - DEBUG - Stored event temperature request with a trace id of 75588849-8548-11ec-8a79-b42e99a07450
2022-02-03 15:24:41,534 - storage - DEBUG - Stored event fan speed request with a trace id of 755f7519-8548-11ec-b4eb-b42e99a07450
2022-02-03 15:24:41,580 - storage - DEBUG - Stored event temperature request with a trace id of 756453b4-8548-11ec-8656-b42e99a07450
2022-02-03 15:24:41,612 - storage - DEBUG - Stored event fan speed request with a trace id of 756b6d1f-8548-11ec-b1b5-b42e99a07450
2022-02-03 15:24:42,442 - storage - DEBUG - Stored event fan speed request with a trace id of 75ea81db-8548-11ec-94b1-b42e99a07450
2022-02-03 15:24:42,488 - storage - DEBUG - Stored event temperature request with a trace id of 75f1b9df-8548-11ec-8134-b42e99a07450
2022-02-03 15:24:42,550 - storage - DEBUG - Stored event fan speed request with a trace id of 75fb0609-8548-11ec-b50f-b42e99a07450
2022-02-03 15:24:42,581 - storage - DEBUG - Stored event temperature request with a trace id of 75ffcf6b-8548-11ec-9c95-b42e99a07450
2022-02-03 15:24:42,643 - storage - DEBUG - Stored event fan speed request with a trace id of 760947cc-8548-11ec-a486-b42e99a07450
2022-02-03 15:24:43,490 - storage - DEBUG - Stored event temperature request with a trace id of 7688b8ef-8548-11ec-8652-b42e99a07450
2022-02-03 15:24:43,535 - storage - DEBUG - Stored event fan speed request with a trace id of 768fc0be-8548-11ec-b617-b42e99a07450
2022-02-03 15:24:43,582 - storage - DEBUG - Stored event temperature request with a trace id of 7696c57d-8548-11ec-9ad9-b42e99a07450
2022-02-03 15:24:43,628 - storage - DEBUG - Stored event fan speed request with a trace id of 769db9e8-8548-11ec-a4e5-b42e99a07450
2022-02-03 15:24:43,658 - storage - DEBUG - Stored event temperature request with a trace id of 76a2a6f2-8548-11ec-a632-b42e99a07450
2022-02-03 15:24:44,492 - storage - DEBUG - Stored event temperature request with a trace id of 77215f96-8548-11ec-883b-b42e99a07450
2022-02-03 15:24:44,538 - storage - DEBUG - Stored event fan speed request with a trace id of 772861c8-8548-11ec-8974-b42e99a07450
2022-02-03 15:24:44,599 - storage - DEBUG - Stored event temperature request with a trace id of 7731da23-8548-11ec-b2a7-b42e99a07450
2022-02-03 15:24:44,630 - storage - DEBUG - Stored event fan speed request with a trace id of 77368fd4-8548-11ec-b106-b42e99a07450
2022-02-03 15:24:44,691 - storage - DEBUG - Stored event temperature request with a trace id of 773ff22a-8548-11ec-b933-b42e99a07450
2022-02-03 15:24:45,538 - storage - DEBUG - Stored event fan speed request with a trace id of 77c13802-8548-11ec-bc35-b42e99a07450
2022-02-03 15:24:45,569 - storage - DEBUG - Stored event temperature request with a trace id of 77c81d01-8548-11ec-85a1-b42e99a07450
2022-02-03 15:24:45,615 - storage - DEBUG - Stored event fan speed request with a trace id of 77cf3c93-8548-11ec-81dd-b42e99a07450
2022-02-03 15:24:45,677 - storage - DEBUG - Stored event temperature request with a trace id of 77d67b09-8548-11ec-9f6f-b42e99a07450
2022-02-03 15:24:45,692 - storage - DEBUG - Stored event fan speed request with a trace id of 77daeaf2-8548-11ec-8b5d-b42e99a07450
2022-02-03 15:24:46,540 - storage - DEBUG - Stored event fan speed request with a trace id of 785a32f1-8548-11ec-abcb-b42e99a07450
2022-02-03 15:24:46,586 - storage - DEBUG - Stored event temperature request with a trace id of 786133b2-8548-11ec-9ee0-b42e99a07450
2022-02-03 15:24:46,651 - storage - DEBUG - Stored event fan speed request with a trace id of 786a8862-8548-11ec-a675-b42e99a07450
2022-02-03 15:24:46,678 - storage - DEBUG - Stored event temperature request with a trace id of 786f3120-8548-11ec-84a9-b42e99a07450
2022-02-03 15:24:46,740 - storage - DEBUG - Stored event fan speed request with a trace id of 78787ecf-8548-11ec-904a-b42e99a07450
2022-02-03 15:24:47,586 - storage - DEBUG - Stored event temperature request with a trace id of 78f9c363-8548-11ec-b456-b42e99a07450
2022-02-03 15:24:47,616 - storage - DEBUG - Stored event fan speed request with a trace id of 78fe6bda-8548-11ec-bc1f-b42e99a07450
2022-02-03 15:24:47,663 - storage - DEBUG - Stored event temperature request with a trace id of 79056d0a-8548-11ec-8f6e-b42e99a07450
2022-02-03 15:24:47,724 - storage - DEBUG - Stored event fan speed request with a trace id of 790ef60e-8548-11ec-a271-b42e99a07450
2022-02-03 15:24:48,588 - storage - DEBUG - Stored event temperature request with a trace id of 79929f68-8548-11ec-9ba1-b42e99a07450
2022-02-03 15:24:48,634 - storage - DEBUG - Stored event fan speed request with a trace id of 7999ab98-8548-11ec-8b6c-b42e99a07450
2022-02-03 15:24:48,695 - storage - DEBUG - Stored event temperature request with a trace id of 79a39ad7-8548-11ec-983a-b42e99a07450
2022-02-03 15:24:48,726 - storage - DEBUG - Stored event fan speed request with a trace id of 79a7c6a9-8548-11ec-9219-b42e99a07450
2022-02-03 15:24:49,633 - storage - DEBUG - Stored event fan speed request with a trace id of 7a323248-8548-11ec-91b1-b42e99a07450
2022-02-03 15:24:49,664 - storage - DEBUG - Stored event temperature request with a trace id of 7a372557-8548-11ec-9c24-b42e99a07450
2022-02-03 15:24:49,709 - storage - DEBUG - Stored event fan speed request with a trace id of 7a3dee7d-8548-11ec-b6ee-b42e99a07450
2022-02-03 15:24:50,635 - storage - DEBUG - Stored event fan speed request with a trace id of 7acb29f9-8548-11ec-91e5-b42e99a07450
2022-02-03 15:24:50,680 - storage - DEBUG - Stored event temperature request with a trace id of 7ad23906-8548-11ec-9b37-b42e99a07450
2022-02-03 15:24:50,743 - storage - DEBUG - Stored event fan speed request with a trace id of 7adb9b6d-8548-11ec-b53c-b42e99a07450
2022-02-03 15:24:51,681 - storage - DEBUG - Stored event temperature request with a trace id of 7b6aae0e-8548-11ec-ad75-b42e99a07450
2022-02-03 15:24:51,711 - storage - DEBUG - Stored event fan speed request with a trace id of 7b6f92c0-8548-11ec-84de-b42e99a07450
2022-02-03 15:24:52,686 - storage - DEBUG - Stored event temperature request with a trace id of 7c03808b-8548-11ec-9e61-b42e99a07450
2022-02-03 15:24:52,729 - storage - DEBUG - Stored event fan speed request with a trace id of 7c0a5e53-8548-11ec-9aa3-b42e99a07450
2022-02-03 15:24:53,717 - storage - DEBUG - Stored event fan speed request with a trace id of 7ca30da7-8548-11ec-aa3e-b42e99a07450
2022-02-03 15:24:54,731 - storage - DEBUG - Stored event fan speed request with a trace id of 7d3c684c-8548-11ec-9edc-b42e99a07450
